#
# There is insufficient memory for the Java Runtime Environment to continue.
# Native memory allocation (malloc) failed to allocate 1274256 bytes. Error detail: Chunk::new
# Possible reasons:
#   The system is out of physical RAM or swap space
#   This process is running with CompressedOops enabled, and the Java Heap may be blocking the growth of the native heap
# Possible solutions:
#   Reduce memory load on the system
#   Increase physical memory or swap space
#   Check if swap backing store is full
#   Decrease Java heap size (-Xmx/-Xms)
#   Decrease number of Java threads
#   Decrease Java thread stack sizes (-Xss)
#   Set larger code cache with -XX:ReservedCodeCacheSize=
#   JVM is running with Unscaled Compressed Oops mode in which the Java heap is
#     placed in the first 4GB address space. The Java Heap base address is the
#     maximum limit for the native heap growth. Please use -XX:HeapBaseMinAddress
#     to set the Java Heap base and to place the Java Heap above 4GB virtual address.
# This output file may be truncated or incomplete.
#
#  Out of Memory Error (arena.cpp:168), pid=9132, tid=18416
#
# JRE version: OpenJDK Runtime Environment Temurin-21.0.9+10 (21.0.9+10) (build 21.0.9+10-LTS)
# Java VM: OpenJDK 64-Bit Server VM Temurin-21.0.9+10 (21.0.9+10-LTS, mixed mode, sharing, tiered, compressed oops, compressed class ptrs, parallel gc, windows-amd64)
# No core dump will be written. Minidumps are not enabled by default on client versions of Windows
#

---------------  S U M M A R Y ------------

Command Line: --add-modules=ALL-SYSTEM --add-opens=java.base/java.util=ALL-UNNAMED --add-opens=java.base/java.lang=ALL-UNNAMED --add-opens=java.base/sun.nio.fs=ALL-UNNAMED -Declipse.application=org.eclipse.jdt.ls.core.id1 -Dosgi.bundles.defaultStartLevel=4 -Declipse.product=org.eclipse.jdt.ls.core.product -Djava.import.generatesMetadataFilesAtProjectRoot=false -DDetectVMInstallationsJob.disabled=true -Dfile.encoding=utf8 -XX:+UseParallelGC -XX:GCTimeRatio=4 -XX:AdaptiveSizePolicyWeight=90 -Dsun.zip.disableMemoryMapping=true -Xmx2G -Xms100m -Xlog:disable -javaagent:c:\Users\usuario\.vscode\extensions\redhat.java-1.50.0-win32-x64\lombok\lombok-1.18.39-4050.jar -XX:+HeapDumpOnOutOfMemoryError -XX:HeapDumpPath=c:\Users\usuario\AppData\Roaming\Code\User\workspaceStorage\97ec7844c45ac794c49da2b2a27a64e2\redhat.java -Daether.dependencyCollector.impl=bf c:\Users\usuario\.vscode\extensions\redhat.java-1.50.0-win32-x64\server\plugins\org.eclipse.equinox.launcher_1.7.100.v20251111-0406.jar -configuration c:\Users\usuario\AppData\Roaming\Code\User\globalStorage\redhat.java\1.50.0\config_win -data c:\Users\usuario\AppData\Roaming\Code\User\workspaceStorage\97ec7844c45ac794c49da2b2a27a64e2\redhat.java\jdt_ws --pipe=\\.\pipe\lsp-2dc1a8bd8b25b8a52f5bc7c767c1419a-sock

Host: Intel(R) Core(TM) i5-10210U CPU @ 1.60GHz, 8 cores, 15G,  Windows 11 , 64 bit Build 26100 (10.0.26100.7523)
Time: Mon Jan  5 09:41:40 2026 Hora oficial do Brasil elapsed time: 53.957905 seconds (0d 0h 0m 53s)

---------------  T H R E A D  ---------------

Current thread (0x0000025a6a7fe560):  JavaThread "C2 CompilerThread0" daemon [_thread_in_native, id=18416, stack(0x000000ca8f000000,0x000000ca8f100000) (1024K)]


Current CompileTask:
C2:53958 10806 %s!   4       org.eclipse.jdt.internal.core.index.DiskIndex::readCategoryTable @ 260 (743 bytes)

Stack: [0x000000ca8f000000,0x000000ca8f100000]
Native frames: (J=compiled Java code, j=interpreted, Vv=VM code, C=native code)
V  [jvm.dll+0x6d6e29]
V  [jvm.dll+0x8b4b76]
V  [jvm.dll+0x8b712e]
V  [jvm.dll+0x8b7813]
V  [jvm.dll+0x283d86]
V  [jvm.dll+0xc66ed]
V  [jvm.dll+0xc6c31]
V  [jvm.dll+0x3be53b]
V  [jvm.dll+0x1e3d59]
V  [jvm.dll+0x24c0f3]
V  [jvm.dll+0x24b580]
V  [jvm.dll+0x1cb13e]
V  [jvm.dll+0x25b29d]
V  [jvm.dll+0x25982a]
V  [jvm.dll+0x3f7ea6]
V  [jvm.dll+0x85e9ad]
V  [jvm.dll+0x6d565d]
C  [ucrtbase.dll+0x37b0]
C  [KERNEL32.DLL+0x2e8d7]
C  [ntdll.dll+0x8c3dc]


---------------  P R O C E S S  ---------------

Threads class SMR info:
_java_thread_list=0x0000025a7159f230, length=53, elements={
0x0000025a53d76e20, 0x0000025a6a7ed430, 0x0000025a6a7ef440, 0x0000025a6a7f1900,
0x0000025a6a7f3740, 0x0000025a6a7f82b0, 0x0000025a6a7fa1c0, 0x0000025a6a7fe560,
0x0000025a6a8124d0, 0x0000025a6c3898b0, 0x0000025a6c409c40, 0x0000025a7111c990,
0x0000025a6c7f5470, 0x0000025a71164b70, 0x0000025a6c809ac0, 0x0000025a71599940,
0x0000025a715bc060, 0x0000025a719084c0, 0x0000025a719091e0, 0x0000025a7190a590,
0x0000025a71907e30, 0x0000025a71909f00, 0x0000025a71909870, 0x0000025a71908b50,
0x0000025a71907110, 0x0000025a719077a0, 0x0000025a73acdbf0, 0x0000025a73ace910,
0x0000025a73acf630, 0x0000025a73acfcc0, 0x0000025a73ad0350, 0x0000025a73acced0,
0x0000025a73ad09e0, 0x0000025a73acd560, 0x0000025a73ad1070, 0x0000025a73acefa0,
0x0000025a73ad1700, 0x0000025a73ace280, 0x0000025a73ad3140, 0x0000025a73ad3e60,
0x0000025a73ad2420, 0x0000025a73ad2ab0, 0x0000025a73ad1d90, 0x0000025a741a64b0,
0x0000025a741a5790, 0x0000025a741a4a70, 0x0000025a741a3d50, 0x0000025a741a5e20,
0x0000025a741a43e0, 0x0000025a741a7860, 0x0000025a741a71d0, 0x0000025a741a9930,
0x0000025a72fd7f90
}

Java Threads: ( => current thread )
  0x0000025a53d76e20 JavaThread "main"                              [_thread_blocked, id=20400, stack(0x000000ca8e600000,0x000000ca8e700000) (1024K)]
  0x0000025a6a7ed430 JavaThread "Reference Handler"          daemon [_thread_blocked, id=8228, stack(0x000000ca8ea00000,0x000000ca8eb00000) (1024K)]
  0x0000025a6a7ef440 JavaThread "Finalizer"                  daemon [_thread_blocked, id=22236, stack(0x000000ca8eb00000,0x000000ca8ec00000) (1024K)]
  0x0000025a6a7f1900 JavaThread "Signal Dispatcher"          daemon [_thread_blocked, id=24868, stack(0x000000ca8ec00000,0x000000ca8ed00000) (1024K)]
  0x0000025a6a7f3740 JavaThread "Attach Listener"            daemon [_thread_blocked, id=17992, stack(0x000000ca8ed00000,0x000000ca8ee00000) (1024K)]
  0x0000025a6a7f82b0 JavaThread "Service Thread"             daemon [_thread_blocked, id=25584, stack(0x000000ca8ee00000,0x000000ca8ef00000) (1024K)]
  0x0000025a6a7fa1c0 JavaThread "Monitor Deflation Thread"   daemon [_thread_blocked, id=24420, stack(0x000000ca8ef00000,0x000000ca8f000000) (1024K)]
=>0x0000025a6a7fe560 JavaThread "C2 CompilerThread0"         daemon [_thread_in_native, id=18416, stack(0x000000ca8f000000,0x000000ca8f100000) (1024K)]
  0x0000025a6a8124d0 JavaThread "C1 CompilerThread0"         daemon [_thread_blocked, id=9352, stack(0x000000ca8f100000,0x000000ca8f200000) (1024K)]
  0x0000025a6c3898b0 JavaThread "Common-Cleaner"             daemon [_thread_blocked, id=17440, stack(0x000000ca8f200000,0x000000ca8f300000) (1024K)]
  0x0000025a6c409c40 JavaThread "Notification Thread"        daemon [_thread_blocked, id=7120, stack(0x000000ca8f500000,0x000000ca8f600000) (1024K)]
  0x0000025a7111c990 JavaThread "Active Thread: Equinox Container: c26f00d0-53b2-4508-8a98-0566ffa991a5"        [_thread_blocked, id=24836, stack(0x000000ca8fd00000,0x000000ca8fe00000) (1024K)]
  0x0000025a6c7f5470 JavaThread "Refresh Thread: Equinox Container: c26f00d0-53b2-4508-8a98-0566ffa991a5" daemon [_thread_blocked, id=10260, stack(0x000000ca8f600000,0x000000ca8f700000) (1024K)]
  0x0000025a71164b70 JavaThread "Framework Event Dispatcher: Equinox Container: c26f00d0-53b2-4508-8a98-0566ffa991a5" daemon [_thread_blocked, id=25352, stack(0x000000ca8ff00000,0x000000ca90000000) (1024K)]
  0x0000025a6c809ac0 JavaThread "Start Level: Equinox Container: c26f00d0-53b2-4508-8a98-0566ffa991a5" daemon [_thread_blocked, id=20396, stack(0x000000ca90000000,0x000000ca90100000) (1024K)]
  0x0000025a71599940 JavaThread "Bundle File Closer"         daemon [_thread_blocked, id=23052, stack(0x000000ca90200000,0x000000ca90300000) (1024K)]
  0x0000025a715bc060 JavaThread "SCR Component Actor"        daemon [_thread_blocked, id=22656, stack(0x000000ca90300000,0x000000ca90400000) (1024K)]
  0x0000025a719084c0 JavaThread "Worker-JM"                         [_thread_blocked, id=11000, stack(0x000000ca90400000,0x000000ca90500000) (1024K)]
  0x0000025a719091e0 JavaThread "JNA Cleaner"                daemon [_thread_blocked, id=17828, stack(0x000000ca8f300000,0x000000ca8f400000) (1024K)]
  0x0000025a7190a590 JavaThread "Worker-0"                          [_thread_blocked, id=12652, stack(0x000000ca90100000,0x000000ca90200000) (1024K)]
  0x0000025a71907e30 JavaThread "Worker-1"                          [_thread_blocked, id=11516, stack(0x000000ca90500000,0x000000ca90600000) (1024K)]
  0x0000025a71909f00 JavaThread "Worker-2"                          [_thread_blocked, id=25476, stack(0x000000ca90700000,0x000000ca90800000) (1024K)]
  0x0000025a71909870 JavaThread "Java indexing"              daemon [_thread_blocked, id=22956, stack(0x000000ca90900000,0x000000ca90a00000) (1024K)]
  0x0000025a71908b50 JavaThread "Worker-3"                          [_thread_blocked, id=17532, stack(0x000000ca90a00000,0x000000ca90b00000) (1024K)]
  0x0000025a71907110 JavaThread "Worker-4"                          [_thread_blocked, id=24164, stack(0x000000ca90b00000,0x000000ca90c00000) (1024K)]
  0x0000025a719077a0 JavaThread "Worker-5"                          [_thread_blocked, id=23732, stack(0x000000ca90d00000,0x000000ca90e00000) (1024K)]
  0x0000025a73acdbf0 JavaThread "Worker-6"                          [_thread_blocked, id=22952, stack(0x000000ca90e00000,0x000000ca90f00000) (1024K)]
  0x0000025a73ace910 JavaThread "Thread-1"                   daemon [_thread_in_native, id=15260, stack(0x000000ca90f00000,0x000000ca91000000) (1024K)]
  0x0000025a73acf630 JavaThread "Thread-2"                   daemon [_thread_in_native, id=24652, stack(0x000000ca91000000,0x000000ca91100000) (1024K)]
  0x0000025a73acfcc0 JavaThread "Thread-3"                   daemon [_thread_in_native, id=24496, stack(0x000000ca91100000,0x000000ca91200000) (1024K)]
  0x0000025a73ad0350 JavaThread "Thread-4"                   daemon [_thread_in_native, id=15860, stack(0x000000ca91200000,0x000000ca91300000) (1024K)]
  0x0000025a73acced0 JavaThread "Thread-5"                   daemon [_thread_in_native, id=7824, stack(0x000000ca91300000,0x000000ca91400000) (1024K)]
  0x0000025a73ad09e0 JavaThread "Thread-6"                   daemon [_thread_in_native, id=24912, stack(0x000000ca91400000,0x000000ca91500000) (1024K)]
  0x0000025a73acd560 JavaThread "Thread-7"                   daemon [_thread_in_native, id=21292, stack(0x000000ca91500000,0x000000ca91600000) (1024K)]
  0x0000025a73ad1070 JavaThread "Thread-8"                   daemon [_thread_in_native, id=20356, stack(0x000000ca91600000,0x000000ca91700000) (1024K)]
  0x0000025a73acefa0 JavaThread "Thread-9"                   daemon [_thread_in_native, id=14400, stack(0x000000ca91700000,0x000000ca91800000) (1024K)]
  0x0000025a73ad1700 JavaThread "pool-2-thread-1"                   [_thread_blocked, id=22068, stack(0x000000ca91800000,0x000000ca91900000) (1024K)]
  0x0000025a73ace280 JavaThread "WorkspaceEventsHandler"            [_thread_blocked, id=12480, stack(0x000000ca91900000,0x000000ca91a00000) (1024K)]
  0x0000025a73ad3140 JavaThread "pool-1-thread-1"                   [_thread_blocked, id=19928, stack(0x000000ca91a00000,0x000000ca91b00000) (1024K)]
  0x0000025a73ad3e60 JavaThread "Compiler Source File Reader" daemon [_thread_blocked, id=10452, stack(0x000000ca91b00000,0x000000ca91c00000) (1024K)]
  0x0000025a73ad2420 JavaThread "Compiler Processing Task"   daemon [_thread_blocked, id=22544, stack(0x000000ca91c00000,0x000000ca91d00000) (1024K)]
  0x0000025a73ad2ab0 JavaThread "Compiler Class File Writer" daemon [_thread_blocked, id=6784, stack(0x000000ca91d00000,0x000000ca91e00000) (1024K)]
  0x0000025a73ad1d90 JavaThread "Compiler Class File Writer" daemon [_thread_blocked, id=14816, stack(0x000000ca91e00000,0x000000ca91f00000) (1024K)]
  0x0000025a741a64b0 JavaThread "ForkJoinPool.commonPool-worker-1" daemon [_thread_in_Java, id=25256, stack(0x000000ca91f00000,0x000000ca92000000) (1024K)]
  0x0000025a741a5790 JavaThread "ForkJoinPool.commonPool-worker-2" daemon [_thread_blocked, id=23608, stack(0x000000ca92000000,0x000000ca92100000) (1024K)]
  0x0000025a741a4a70 JavaThread "ForkJoinPool.commonPool-worker-3" daemon [_thread_blocked, id=23816, stack(0x000000ca92100000,0x000000ca92200000) (1024K)]
  0x0000025a741a3d50 JavaThread "ForkJoinPool.commonPool-worker-4" daemon [_thread_blocked, id=25184, stack(0x000000ca92200000,0x000000ca92300000) (1024K)]
  0x0000025a741a5e20 JavaThread "ForkJoinPool.commonPool-worker-5" daemon [_thread_blocked, id=22808, stack(0x000000ca92300000,0x000000ca92400000) (1024K)]
  0x0000025a741a43e0 JavaThread "ForkJoinPool.commonPool-worker-6" daemon [_thread_blocked, id=25384, stack(0x000000ca90800000,0x000000ca90900000) (1024K)]
  0x0000025a741a7860 JavaThread "Cleaner-0"                  daemon [_thread_blocked, id=16824, stack(0x000000ca92400000,0x000000ca92500000) (1024K)]
  0x0000025a741a71d0 JavaThread "Compiler Source File Reader" daemon [_thread_blocked, id=17880, stack(0x000000ca92500000,0x000000ca92600000) (1024K)]
  0x0000025a741a9930 JavaThread "Compiler Source File Reader" daemon [_thread_blocked, id=13036, stack(0x000000ca90600000,0x000000ca90700000) (1024K)]
  0x0000025a72fd7f90 JavaThread "C2 CompilerThread1"         daemon [_thread_in_native, id=25240, stack(0x000000ca8e500000,0x000000ca8e600000) (1024K)]
Total: 53

Other Threads:
  0x0000025a6a7e1d60 VMThread "VM Thread"                           [id=23448, stack(0x000000ca8e900000,0x000000ca8ea00000) (1024K)]
  0x0000025a6a6fca10 WatcherThread "VM Periodic Task Thread"        [id=22128, stack(0x000000ca8e800000,0x000000ca8e900000) (1024K)]
  0x0000025a53d951c0 WorkerThread "GC Thread#0"                     [id=18516, stack(0x000000ca8e700000,0x000000ca8e800000) (1024K)]
  0x0000025a6c9804f0 WorkerThread "GC Thread#1"                     [id=18532, stack(0x000000ca8f700000,0x000000ca8f800000) (1024K)]
  0x0000025a6c980890 WorkerThread "GC Thread#2"                     [id=21092, stack(0x000000ca8f800000,0x000000ca8f900000) (1024K)]
  0x0000025a6c980c30 WorkerThread "GC Thread#3"                     [id=19756, stack(0x000000ca8f900000,0x000000ca8fa00000) (1024K)]
  0x0000025a6c980fd0 WorkerThread "GC Thread#4"                     [id=25372, stack(0x000000ca8fa00000,0x000000ca8fb00000) (1024K)]
  0x0000025a6c981370 WorkerThread "GC Thread#5"                     [id=15272, stack(0x000000ca8fb00000,0x000000ca8fc00000) (1024K)]
  0x0000025a6c87ad10 WorkerThread "GC Thread#6"                     [id=21976, stack(0x000000ca8fc00000,0x000000ca8fd00000) (1024K)]
  0x0000025a71140ff0 WorkerThread "GC Thread#7"                     [id=23848, stack(0x000000ca8fe00000,0x000000ca8ff00000) (1024K)]
Total: 10

Threads with active compile tasks:
C2 CompilerThread0  54033 10806 %s!   4       org.eclipse.jdt.internal.core.index.DiskIndex::readCategoryTable @ 260 (743 bytes)
C2 CompilerThread1  54033 10893       4       java.net.URI::quote (214 bytes)
Total: 2

VM state: not at safepoint (normal execution)

VM Mutex/Monitor currently owned by a thread: None

Heap address: 0x0000000080000000, size: 2048 MB, Compressed Oops mode: 32-bit

CDS archive(s) mapped at: [0x0000025a00000000-0x0000025a00ba0000-0x0000025a00ba0000), size 12189696, SharedBaseAddress: 0x0000025a00000000, ArchiveRelocationMode: 1.
Compressed class space mapped at: 0x0000025a01000000-0x0000025a41000000, reserved size: 1073741824
Narrow klass base: 0x0000025a00000000, Narrow klass shift: 0, Narrow klass range: 0x100000000

GC Precious Log:
 CardTable entry size: 512
 CPUs: 8 total, 8 available
 Memory: 16168M
 Large Page Support: Disabled
 NUMA Support: Disabled
 Compressed Oops: Enabled (32-bit)
 Alignments: Space 512K, Generation 512K, Heap 2M
 Heap Min Capacity: 100M
 Heap Initial Capacity: 100M
 Heap Max Capacity: 2G
 Pre-touch: Disabled
 Parallel Workers: 8

Heap:
 PSYoungGen      total 3584K, used 3003K [0x00000000d5580000, 0x00000000d5a00000, 0x0000000100000000)
  eden space 2560K, 94% used [0x00000000d5580000,0x00000000d57dae60,0x00000000d5800000)
  from space 1024K, 57% used [0x00000000d5800000,0x00000000d5894010,0x00000000d5900000)
  to   space 1024K, 0% used [0x00000000d5900000,0x00000000d5900000,0x00000000d5a00000)
 ParOldGen       total 476160K, used 475712K [0x0000000080000000, 0x000000009d100000, 0x00000000d5580000)
  object space 476160K, 99% used [0x0000000080000000,0x000000009d0901b0,0x000000009d100000)
 Metaspace       used 67432K, committed 68800K, reserved 1114112K
  class space    used 7170K, committed 7744K, reserved 1048576K

Card table byte_map: [0x0000025a53710000,0x0000025a53b20000] _byte_map_base: 0x0000025a53310000

Marking Bits: (ParMarkBitMap*) 0x00007ff824412460
 Begin Bits: [0x0000025a66220000, 0x0000025a68220000)
 End Bits:   [0x0000025a68220000, 0x0000025a6a220000)

Polling page: 0x0000025a51c00000

Metaspace:

Usage:
  Non-class:     58.85 MB used.
      Class:      7.00 MB used.
       Both:     65.85 MB used.

Virtual space:
  Non-class space:       64.00 MB reserved,      59.62 MB ( 93%) committed,  1 nodes.
      Class space:        1.00 GB reserved,       7.56 MB ( <1%) committed,  1 nodes.
             Both:        1.06 GB reserved,      67.19 MB (  6%) committed. 

Chunk freelists:
   Non-Class:  4.00 MB
       Class:  8.38 MB
        Both:  12.38 MB

MaxMetaspaceSize: unlimited
CompressedClassSpaceSize: 1.00 GB
Initial GC threshold: 21.00 MB
Current GC threshold: 97.31 MB
CDS: on
 - commit_granule_bytes: 65536.
 - commit_granule_words: 8192.
 - virtual_space_node_default_size: 8388608.
 - enlarge_chunks_in_place: 1.
 - use_allocation_guard: 0.


Internal statistics:

num_allocs_failed_limit: 9.
num_arena_births: 1190.
num_arena_deaths: 14.
num_vsnodes_births: 2.
num_vsnodes_deaths: 0.
num_space_committed: 1075.
num_space_uncommitted: 0.
num_chunks_returned_to_freelist: 23.
num_chunks_taken_from_freelist: 4427.
num_chunk_merges: 15.
num_chunk_splits: 2699.
num_chunks_enlarged: 1453.
num_inconsistent_stats: 0.

CodeHeap 'non-profiled nmethods': size=120000Kb used=8250Kb max_used=8250Kb free=111749Kb
 bounds [0x0000025a5ea40000, 0x0000025a5f250000, 0x0000025a65f70000]
CodeHeap 'profiled nmethods': size=120000Kb used=23216Kb max_used=23216Kb free=96783Kb
 bounds [0x0000025a56f70000, 0x0000025a58620000, 0x0000025a5e4a0000]
CodeHeap 'non-nmethods': size=5760Kb used=1462Kb max_used=1605Kb free=4298Kb
 bounds [0x0000025a5e4a0000, 0x0000025a5e710000, 0x0000025a5ea40000]
CodeCache: size=245760Kb, used=32928Kb, max_used=33071Kb, free=212830Kb
 total_blobs=10961, nmethods=10177, adapters=688, full_count=0
Compilation: enabled, stopped_count=0, restarted_count=0

Compilation events (20 events):
Event: 52.828 Thread 0x0000025a72fd7f90 nmethod 10874 0x0000025a5f246b10 code [0x0000025a5f246cc0, 0x0000025a5f246e60]
Event: 52.828 Thread 0x0000025a72fd7f90 10828       4       lombok.eclipse.EclipseNode::calculateIsStructurallySignificant (62 bytes)
Event: 52.830 Thread 0x0000025a72fd7f90 nmethod 10828 0x0000025a5f247090 code [0x0000025a5f247220, 0x0000025a5f247340]
Event: 52.830 Thread 0x0000025a72fd7f90 10846       4       java.util.Arrays::rangeCheck (74 bytes)
Event: 52.832 Thread 0x0000025a72fd7f90 nmethod 10846 0x0000025a5f247410 code [0x0000025a5f2475a0, 0x0000025a5f247668]
Event: 52.832 Thread 0x0000025a72fd7f90 10872       4       java.util.HashMap::remove (26 bytes)
Event: 52.844 Thread 0x0000025a72fd7f90 nmethod 10872 0x0000025a5f247710 code [0x0000025a5f2478e0, 0x0000025a5f247f48]
Event: 52.844 Thread 0x0000025a72fd7f90 10825       4       java.util.stream.ReferencePipeline$3::opWrapSink (10 bytes)
Event: 52.845 Thread 0x0000025a72fd7f90 nmethod 10825 0x0000025a5f248310 code [0x0000025a5f2484a0, 0x0000025a5f248668]
Event: 52.846 Thread 0x0000025a72fd7f90 10824       4       java.util.stream.AbstractPipeline::spliterator (116 bytes)
Event: 52.849 Thread 0x0000025a72fd7f90 nmethod 10824 0x0000025a5f248790 code [0x0000025a5f248940, 0x0000025a5f248bb8]
Event: 52.849 Thread 0x0000025a72fd7f90 10837       4       org.eclipse.jdt.internal.compiler.lookup.TypeSystem::getWildcard (12 bytes)
Event: 52.850 Thread 0x0000025a72fd7f90 nmethod 10837 0x0000025a5f248e10 code [0x0000025a5f248fa0, 0x0000025a5f249050]
Event: 52.860 Thread 0x0000025a7d3e5100 nmethod 10836 0x0000025a5f249110 code [0x0000025a5f2494a0, 0x0000025a5f24b690]
Event: 52.898 Thread 0x0000025a7d3e5100 10879       4       org.eclipse.core.runtime.Path::toOSString (224 bytes)
Event: 52.931 Thread 0x0000025a7d3e5100 nmethod 10879 0x0000025a5f24c910 code [0x0000025a5f24cb60, 0x0000025a5f24ddb8]
Event: 53.002 Thread 0x0000025a6a8124d0 10880       3       java.lang.ThreadLocal::<init> (12 bytes)
Event: 53.003 Thread 0x0000025a6a8124d0 nmethod 10880 0x0000025a58600510 code [0x0000025a586006c0, 0x0000025a586008d8]
Event: 53.003 Thread 0x0000025a6a8124d0 10881       3       java.lang.ThreadLocal::nextHashCode (9 bytes)
Event: 53.003 Thread 0x0000025a6a8124d0 nmethod 10881 0x0000025a58600a10 code [0x0000025a58600bc0, 0x0000025a58600cf0]

GC Heap History (20 events):
Event: 52.665 GC heap after
{Heap after GC invocations=403 (full 3):
 PSYoungGen      total 2048K, used 608K [0x00000000d5580000, 0x00000000d5880000, 0x0000000100000000)
  eden space 1024K, 0% used [0x00000000d5580000,0x00000000d5580000,0x00000000d5680000)
  from space 1024K, 59% used [0x00000000d5780000,0x00000000d5818000,0x00000000d5880000)
  to   space 1024K, 0% used [0x00000000d5680000,0x00000000d5680000,0x00000000d5780000)
 ParOldGen       total 468480K, used 468027K [0x0000000080000000, 0x000000009c980000, 0x00000000d5580000)
  object space 468480K, 99% used [0x0000000080000000,0x000000009c90ec90,0x000000009c980000)
 Metaspace       used 67322K, committed 68736K, reserved 1114112K
  class space    used 7169K, committed 7744K, reserved 1048576K
}
Event: 52.679 GC heap before
{Heap before GC invocations=404 (full 3):
 PSYoungGen      total 2048K, used 1631K [0x00000000d5580000, 0x00000000d5880000, 0x0000000100000000)
  eden space 1024K, 99% used [0x00000000d5580000,0x00000000d567fff0,0x00000000d5680000)
  from space 1024K, 59% used [0x00000000d5780000,0x00000000d5818000,0x00000000d5880000)
  to   space 1024K, 0% used [0x00000000d5680000,0x00000000d5680000,0x00000000d5780000)
 ParOldGen       total 468480K, used 468027K [0x0000000080000000, 0x000000009c980000, 0x00000000d5580000)
  object space 468480K, 99% used [0x0000000080000000,0x000000009c90ec90,0x000000009c980000)
 Metaspace       used 67322K, committed 68736K, reserved 1114112K
  class space    used 7169K, committed 7744K, reserved 1048576K
}
Event: 52.682 GC heap after
{Heap after GC invocations=404 (full 3):
 PSYoungGen      total 2048K, used 936K [0x00000000d5580000, 0x00000000d5900000, 0x0000000100000000)
  eden space 1024K, 0% used [0x00000000d5580000,0x00000000d5580000,0x00000000d5680000)
  from space 1024K, 91% used [0x00000000d5680000,0x00000000d576a000,0x00000000d5780000)
  to   space 1024K, 0% used [0x00000000d5800000,0x00000000d5800000,0x00000000d5900000)
 ParOldGen       total 468992K, used 468523K [0x0000000080000000, 0x000000009ca00000, 0x00000000d5580000)
  object space 468992K, 99% used [0x0000000080000000,0x000000009c98ac90,0x000000009ca00000)
 Metaspace       used 67322K, committed 68736K, reserved 1114112K
  class space    used 7169K, committed 7744K, reserved 1048576K
}
Event: 52.690 GC heap before
{Heap before GC invocations=405 (full 3):
 PSYoungGen      total 2048K, used 1950K [0x00000000d5580000, 0x00000000d5900000, 0x0000000100000000)
  eden space 1024K, 99% used [0x00000000d5580000,0x00000000d567d8b0,0x00000000d5680000)
  from space 1024K, 91% used [0x00000000d5680000,0x00000000d576a000,0x00000000d5780000)
  to   space 1024K, 0% used [0x00000000d5800000,0x00000000d5800000,0x00000000d5900000)
 ParOldGen       total 468992K, used 468523K [0x0000000080000000, 0x000000009ca00000, 0x00000000d5580000)
  object space 468992K, 99% used [0x0000000080000000,0x000000009c98ac90,0x000000009ca00000)
 Metaspace       used 67322K, committed 68736K, reserved 1114112K
  class space    used 7169K, committed 7744K, reserved 1048576K
}
Event: 52.692 GC heap after
{Heap after GC invocations=405 (full 3):
 PSYoungGen      total 1536K, used 1024K [0x00000000d5580000, 0x00000000d5b00000, 0x0000000100000000)
  eden space 512K, 0% used [0x00000000d5580000,0x00000000d5580000,0x00000000d5600000)
  from space 1024K, 100% used [0x00000000d5800000,0x00000000d5900000,0x00000000d5900000)
  to   space 2048K, 0% used [0x00000000d5600000,0x00000000d5600000,0x00000000d5800000)
 ParOldGen       total 469504K, used 469251K [0x0000000080000000, 0x000000009ca80000, 0x00000000d5580000)
  object space 469504K, 99% used [0x0000000080000000,0x000000009ca40c90,0x000000009ca80000)
 Metaspace       used 67322K, committed 68736K, reserved 1114112K
  class space    used 7169K, committed 7744K, reserved 1048576K
}
Event: 52.705 GC heap before
{Heap before GC invocations=406 (full 3):
 PSYoungGen      total 1536K, used 1536K [0x00000000d5580000, 0x00000000d5b00000, 0x0000000100000000)
  eden space 512K, 100% used [0x00000000d5580000,0x00000000d5600000,0x00000000d5600000)
  from space 1024K, 100% used [0x00000000d5800000,0x00000000d5900000,0x00000000d5900000)
  to   space 2048K, 0% used [0x00000000d5600000,0x00000000d5600000,0x00000000d5800000)
 ParOldGen       total 469504K, used 469251K [0x0000000080000000, 0x000000009ca80000, 0x00000000d5580000)
  object space 469504K, 99% used [0x0000000080000000,0x000000009ca40c90,0x000000009ca80000)
 Metaspace       used 67322K, committed 68736K, reserved 1114112K
  class space    used 7169K, committed 7744K, reserved 1048576K
}
Event: 52.708 GC heap after
{Heap after GC invocations=406 (full 3):
 PSYoungGen      total 2560K, used 624K [0x00000000d5580000, 0x00000000d5980000, 0x0000000100000000)
  eden space 512K, 0% used [0x00000000d5580000,0x00000000d5580000,0x00000000d5600000)
  from space 2048K, 30% used [0x00000000d5600000,0x00000000d569c000,0x00000000d5800000)
  to   space 1536K, 0% used [0x00000000d5800000,0x00000000d5800000,0x00000000d5980000)
 ParOldGen       total 470016K, used 469907K [0x0000000080000000, 0x000000009cb00000, 0x00000000d5580000)
  object space 470016K, 99% used [0x0000000080000000,0x000000009cae4c90,0x000000009cb00000)
 Metaspace       used 67322K, committed 68736K, reserved 1114112K
  class space    used 7169K, committed 7744K, reserved 1048576K
}
Event: 52.721 GC heap before
{Heap before GC invocations=407 (full 3):
 PSYoungGen      total 2560K, used 1135K [0x00000000d5580000, 0x00000000d5980000, 0x0000000100000000)
  eden space 512K, 99% used [0x00000000d5580000,0x00000000d55ffff8,0x00000000d5600000)
  from space 2048K, 30% used [0x00000000d5600000,0x00000000d569c000,0x00000000d5800000)
  to   space 1536K, 0% used [0x00000000d5800000,0x00000000d5800000,0x00000000d5980000)
 ParOldGen       total 470016K, used 469907K [0x0000000080000000, 0x000000009cb00000, 0x00000000d5580000)
  object space 470016K, 99% used [0x0000000080000000,0x000000009cae4c90,0x000000009cb00000)
 Metaspace       used 67324K, committed 68736K, reserved 1114112K
  class space    used 7169K, committed 7744K, reserved 1048576K
}
Event: 52.724 GC heap after
{Heap after GC invocations=407 (full 3):
 PSYoungGen      total 1536K, used 368K [0x00000000d5580000, 0x00000000d5880000, 0x0000000100000000)
  eden space 1024K, 0% used [0x00000000d5580000,0x00000000d5580000,0x00000000d5680000)
  from space 512K, 71% used [0x00000000d5800000,0x00000000d585c010,0x00000000d5880000)
  to   space 1024K, 0% used [0x00000000d5680000,0x00000000d5680000,0x00000000d5780000)
 ParOldGen       total 471040K, used 470779K [0x0000000080000000, 0x000000009cc00000, 0x00000000d5580000)
  object space 471040K, 99% used [0x0000000080000000,0x000000009cbbec90,0x000000009cc00000)
 Metaspace       used 67324K, committed 68736K, reserved 1114112K
  class space    used 7169K, committed 7744K, reserved 1048576K
}
Event: 52.738 GC heap before
{Heap before GC invocations=408 (full 3):
 PSYoungGen      total 1536K, used 1392K [0x00000000d5580000, 0x00000000d5880000, 0x0000000100000000)
  eden space 1024K, 100% used [0x00000000d5580000,0x00000000d5680000,0x00000000d5680000)
  from space 512K, 71% used [0x00000000d5800000,0x00000000d585c010,0x00000000d5880000)
  to   space 1024K, 0% used [0x00000000d5680000,0x00000000d5680000,0x00000000d5780000)
 ParOldGen       total 471040K, used 470779K [0x0000000080000000, 0x000000009cc00000, 0x00000000d5580000)
  object space 471040K, 99% used [0x0000000080000000,0x000000009cbbec90,0x000000009cc00000)
 Metaspace       used 67342K, committed 68736K, reserved 1114112K
  class space    used 7169K, committed 7744K, reserved 1048576K
}
Event: 52.742 GC heap after
{Heap after GC invocations=408 (full 3):
 PSYoungGen      total 2048K, used 416K [0x00000000d5580000, 0x00000000d5880000, 0x0000000100000000)
  eden space 1024K, 0% used [0x00000000d5580000,0x00000000d5580000,0x00000000d5680000)
  from space 1024K, 40% used [0x00000000d5680000,0x00000000d56e8000,0x00000000d5780000)
  to   space 512K, 0% used [0x00000000d5800000,0x00000000d5800000,0x00000000d5880000)
 ParOldGen       total 471040K, used 471003K [0x0000000080000000, 0x000000009cc00000, 0x00000000d5580000)
  object space 471040K, 99% used [0x0000000080000000,0x000000009cbf6ca0,0x000000009cc00000)
 Metaspace       used 67342K, committed 68736K, reserved 1114112K
  class space    used 7169K, committed 7744K, reserved 1048576K
}
Event: 52.746 GC heap before
{Heap before GC invocations=409 (full 3):
 PSYoungGen      total 2048K, used 1440K [0x00000000d5580000, 0x00000000d5880000, 0x0000000100000000)
  eden space 1024K, 100% used [0x00000000d5580000,0x00000000d5680000,0x00000000d5680000)
  from space 1024K, 40% used [0x00000000d5680000,0x00000000d56e8000,0x00000000d5780000)
  to   space 512K, 0% used [0x00000000d5800000,0x00000000d5800000,0x00000000d5880000)
 ParOldGen       total 471040K, used 471003K [0x0000000080000000, 0x000000009cc00000, 0x00000000d5580000)
  object space 471040K, 99% used [0x0000000080000000,0x000000009cbf6ca0,0x000000009cc00000)
 Metaspace       used 67343K, committed 68736K, reserved 1114112K
  class space    used 7169K, committed 7744K, reserved 1048576K
}
Event: 52.748 GC heap after
{Heap after GC invocations=409 (full 3):
 PSYoungGen      total 1536K, used 499K [0x00000000d5580000, 0x00000000d5a00000, 0x0000000100000000)
  eden space 1024K, 0% used [0x00000000d5580000,0x00000000d5580000,0x00000000d5680000)
  from space 512K, 97% used [0x00000000d5800000,0x00000000d587cd20,0x00000000d5880000)
  to   space 1536K, 0% used [0x00000000d5680000,0x00000000d5680000,0x00000000d5800000)
 ParOldGen       total 472064K, used 471638K [0x0000000080000000, 0x000000009cd00000, 0x00000000d5580000)
  object space 472064K, 99% used [0x0000000080000000,0x000000009cc959c0,0x000000009cd00000)
 Metaspace       used 67343K, committed 68736K, reserved 1114112K
  class space    used 7169K, committed 7744K, reserved 1048576K
}
Event: 52.759 GC heap before
{Heap before GC invocations=410 (full 3):
 PSYoungGen      total 1536K, used 1523K [0x00000000d5580000, 0x00000000d5a00000, 0x0000000100000000)
  eden space 1024K, 100% used [0x00000000d5580000,0x00000000d5680000,0x00000000d5680000)
  from space 512K, 97% used [0x00000000d5800000,0x00000000d587cd20,0x00000000d5880000)
  to   space 1536K, 0% used [0x00000000d5680000,0x00000000d5680000,0x00000000d5800000)
 ParOldGen       total 472064K, used 471638K [0x0000000080000000, 0x000000009cd00000, 0x00000000d5580000)
  object space 472064K, 99% used [0x0000000080000000,0x000000009cc959c0,0x000000009cd00000)
 Metaspace       used 67349K, committed 68736K, reserved 1114112K
  class space    used 7169K, committed 7744K, reserved 1048576K
}
Event: 52.763 GC heap after
{Heap after GC invocations=410 (full 3):
 PSYoungGen      total 2560K, used 992K [0x00000000d5580000, 0x00000000d5a00000, 0x0000000100000000)
  eden space 1024K, 0% used [0x00000000d5580000,0x00000000d5580000,0x00000000d5680000)
  from space 1536K, 64% used [0x00000000d5680000,0x00000000d5778000,0x00000000d5800000)
  to   space 1536K, 0% used [0x00000000d5880000,0x00000000d5880000,0x00000000d5a00000)
 ParOldGen       total 472576K, used 472145K [0x0000000080000000, 0x000000009cd80000, 0x00000000d5580000)
  object space 472576K, 99% used [0x0000000080000000,0x000000009cd146e0,0x000000009cd80000)
 Metaspace       used 67349K, committed 68736K, reserved 1114112K
  class space    used 7169K, committed 7744K, reserved 1048576K
}
Event: 52.766 GC heap before
{Heap before GC invocations=411 (full 3):
 PSYoungGen      total 2560K, used 2016K [0x00000000d5580000, 0x00000000d5a00000, 0x0000000100000000)
  eden space 1024K, 100% used [0x00000000d5580000,0x00000000d5680000,0x00000000d5680000)
  from space 1536K, 64% used [0x00000000d5680000,0x00000000d5778000,0x00000000d5800000)
  to   space 1536K, 0% used [0x00000000d5880000,0x00000000d5880000,0x00000000d5a00000)
 ParOldGen       total 472576K, used 472145K [0x0000000080000000, 0x000000009cd80000, 0x00000000d5580000)
  object space 472576K, 99% used [0x0000000080000000,0x000000009cd146e0,0x000000009cd80000)
 Metaspace       used 67349K, committed 68736K, reserved 1114112K
  class space    used 7169K, committed 7744K, reserved 1048576K
}
Event: 52.770 GC heap after
{Heap after GC invocations=411 (full 3):
 PSYoungGen      total 3072K, used 1024K [0x00000000d5580000, 0x00000000d5a00000, 0x0000000100000000)
  eden space 1536K, 0% used [0x00000000d5580000,0x00000000d5580000,0x00000000d5700000)
  from space 1536K, 66% used [0x00000000d5880000,0x00000000d5980000,0x00000000d5a00000)
  to   space 1536K, 0% used [0x00000000d5700000,0x00000000d5700000,0x00000000d5880000)
 ParOldGen       total 473088K, used 472977K [0x0000000080000000, 0x000000009ce00000, 0x00000000d5580000)
  object space 473088K, 99% used [0x0000000080000000,0x000000009cde46e0,0x000000009ce00000)
 Metaspace       used 67349K, committed 68736K, reserved 1114112K
  class space    used 7169K, committed 7744K, reserved 1048576K
}
Event: 52.778 GC heap before
{Heap before GC invocations=412 (full 3):
 PSYoungGen      total 3072K, used 2560K [0x00000000d5580000, 0x00000000d5a00000, 0x0000000100000000)
  eden space 1536K, 100% used [0x00000000d5580000,0x00000000d5700000,0x00000000d5700000)
  from space 1536K, 66% used [0x00000000d5880000,0x00000000d5980000,0x00000000d5a00000)
  to   space 1536K, 0% used [0x00000000d5700000,0x00000000d5700000,0x00000000d5880000)
 ParOldGen       total 473088K, used 472977K [0x0000000080000000, 0x000000009ce00000, 0x00000000d5580000)
  object space 473088K, 99% used [0x0000000080000000,0x000000009cde46e0,0x000000009ce00000)
 Metaspace       used 67357K, committed 68736K, reserved 1114112K
  class space    used 7169K, committed 7744K, reserved 1048576K
}
Event: 52.781 GC heap after
{Heap after GC invocations=412 (full 3):
 PSYoungGen      total 3072K, used 1140K [0x00000000d5580000, 0x00000000d5a80000, 0x0000000100000000)
  eden space 1536K, 0% used [0x00000000d5580000,0x00000000d5580000,0x00000000d5700000)
  from space 1536K, 74% used [0x00000000d5700000,0x00000000d581d000,0x00000000d5880000)
  to   space 1536K, 0% used [0x00000000d5900000,0x00000000d5900000,0x00000000d5a80000)
 ParOldGen       total 474112K, used 473929K [0x0000000080000000, 0x000000009cf00000, 0x00000000d5580000)
  object space 474112K, 99% used [0x0000000080000000,0x000000009ced26e0,0x000000009cf00000)
 Metaspace       used 67357K, committed 68736K, reserved 1114112K
  class space    used 7169K, committed 7744K, reserved 1048576K
}
Event: 53.006 GC heap before
{Heap before GC invocations=413 (full 3):
 PSYoungGen      total 3072K, used 2674K [0x00000000d5580000, 0x00000000d5a80000, 0x0000000100000000)
  eden space 1536K, 99% used [0x00000000d5580000,0x00000000d56ffbe8,0x00000000d5700000)
  from space 1536K, 74% used [0x00000000d5700000,0x00000000d581d000,0x00000000d5880000)
  to   space 1536K, 0% used [0x00000000d5900000,0x00000000d5900000,0x00000000d5a80000)
 ParOldGen       total 474112K, used 473929K [0x0000000080000000, 0x000000009cf00000, 0x00000000d5580000)
  object space 474112K, 99% used [0x0000000080000000,0x000000009ced26e0,0x000000009cf00000)
 Metaspace       used 67377K, committed 68800K, reserved 1114112K
  class space    used 7170K, committed 7744K, reserved 1048576K
}

Dll operation events (10 events):
Event: 0.031 Loaded shared library c:\Users\usuario\.vscode\extensions\redhat.java-1.50.0-win32-x64\jre\21.0.9-win32-x86_64\bin\java.dll
Event: 0.159 Loaded shared library c:\Users\usuario\.vscode\extensions\redhat.java-1.50.0-win32-x64\jre\21.0.9-win32-x86_64\bin\zip.dll
Event: 0.201 Loaded shared library C:\Users\usuario\.vscode\extensions\redhat.java-1.50.0-win32-x64\jre\21.0.9-win32-x86_64\bin\instrument.dll
Event: 0.211 Loaded shared library C:\Users\usuario\.vscode\extensions\redhat.java-1.50.0-win32-x64\jre\21.0.9-win32-x86_64\bin\net.dll
Event: 0.216 Loaded shared library C:\Users\usuario\.vscode\extensions\redhat.java-1.50.0-win32-x64\jre\21.0.9-win32-x86_64\bin\nio.dll
Event: 0.222 Loaded shared library C:\Users\usuario\.vscode\extensions\redhat.java-1.50.0-win32-x64\jre\21.0.9-win32-x86_64\bin\zip.dll
Event: 0.256 Loaded shared library C:\Users\usuario\.vscode\extensions\redhat.java-1.50.0-win32-x64\jre\21.0.9-win32-x86_64\bin\jimage.dll
Event: 0.395 Loaded shared library c:\Users\usuario\.vscode\extensions\redhat.java-1.50.0-win32-x64\jre\21.0.9-win32-x86_64\bin\verify.dll
Event: 2.232 Loaded shared library C:\Users\usuario\AppData\Roaming\Code\User\globalStorage\redhat.java\1.50.0\config_win\org.eclipse.equinox.launcher\org.eclipse.equinox.launcher.win32.win32.x86_64_1.2.1400.v20250801-0854\eclipse_11916.dll
Event: 4.219 Loaded shared library C:\Users\usuario\AppData\Local\Temp\jna--132844754\jna14028147850152489812.dll

Deoptimization events (20 events):
Event: 52.605 Thread 0x0000025a73ad3140 Uncommon trap: trap_request=0xffffffbe fr.pc=0x0000025a5f231ec0 relative=0x0000000000000120
Event: 52.605 Thread 0x0000025a73ad3140 Uncommon trap: reason=profile_predicate action=maybe_recompile pc=0x0000025a5f231ec0 method=org.eclipse.jdt.core.compiler.CharOperation.splitAndTrimOn(C[C)[[C @ 175 c2
Event: 52.605 Thread 0x0000025a73ad3140 DEOPT PACKING pc=0x0000025a5f231ec0 sp=0x000000ca91afdeb0
Event: 52.605 Thread 0x0000025a73ad3140 DEOPT UNPACKING pc=0x0000025a5e4f3aa2 sp=0x000000ca91afde18 mode 2
Event: 52.605 Thread 0x0000025a73ad3140 Uncommon trap: trap_request=0xffffffbe fr.pc=0x0000025a5f231ec0 relative=0x0000000000000120
Event: 52.605 Thread 0x0000025a73ad3140 Uncommon trap: reason=profile_predicate action=maybe_recompile pc=0x0000025a5f231ec0 method=org.eclipse.jdt.core.compiler.CharOperation.splitAndTrimOn(C[C)[[C @ 175 c2
Event: 52.605 Thread 0x0000025a73ad3140 DEOPT PACKING pc=0x0000025a5f231ec0 sp=0x000000ca91afdf10
Event: 52.605 Thread 0x0000025a73ad3140 DEOPT UNPACKING pc=0x0000025a5e4f3aa2 sp=0x000000ca91afde78 mode 2
Event: 52.605 Thread 0x0000025a73ad3140 Uncommon trap: trap_request=0xffffffbe fr.pc=0x0000025a5f231ec0 relative=0x0000000000000120
Event: 52.605 Thread 0x0000025a73ad3140 Uncommon trap: reason=profile_predicate action=maybe_recompile pc=0x0000025a5f231ec0 method=org.eclipse.jdt.core.compiler.CharOperation.splitAndTrimOn(C[C)[[C @ 175 c2
Event: 52.605 Thread 0x0000025a73ad3140 DEOPT PACKING pc=0x0000025a5f231ec0 sp=0x000000ca91afdf10
Event: 52.605 Thread 0x0000025a73ad3140 DEOPT UNPACKING pc=0x0000025a5e4f3aa2 sp=0x000000ca91afde78 mode 2
Event: 52.610 Thread 0x0000025a71909870 Uncommon trap: trap_request=0xfffffff4 fr.pc=0x0000025a5f1e6974 relative=0x00000000000075f4
Event: 52.610 Thread 0x0000025a71909870 Uncommon trap: reason=null_check action=make_not_entrant pc=0x0000025a5f1e6974 method=org.eclipse.jdt.internal.core.index.DiskIndex.readCategoryTable([CZ)Lorg/eclipse/jdt/internal/compiler/util/HashtableOfObject; @ 85 c2
Event: 52.610 Thread 0x0000025a71909870 DEOPT PACKING pc=0x0000025a5f1e6974 sp=0x000000ca909fee30
Event: 52.611 Thread 0x0000025a71909870 DEOPT UNPACKING pc=0x0000025a5e4f3aa2 sp=0x000000ca909fee10 mode 2
Event: 52.673 Thread 0x0000025a71909870 Uncommon trap: trap_request=0xffffff45 fr.pc=0x0000025a5f1b1518 relative=0x0000000000000b18
Event: 52.673 Thread 0x0000025a71909870 Uncommon trap: reason=unstable_if action=reinterpret pc=0x0000025a5f1b1518 method=org.eclipse.jdt.internal.core.index.DiskIndex.mergeCategory([CLorg/eclipse/jdt/internal/core/index/DiskIndex;[ILjava/io/OutputStream;)V @ 120 c2
Event: 52.673 Thread 0x0000025a71909870 DEOPT PACKING pc=0x0000025a5f1b1518 sp=0x000000ca909feec0
Event: 52.673 Thread 0x0000025a71909870 DEOPT UNPACKING pc=0x0000025a5e4f3aa2 sp=0x000000ca909fee68 mode 2

Classes loaded (20 events):
Event: 31.995 Loading class sun/util/resources/TimeZoneNames_en
Event: 31.995 Loading class sun/util/resources/TimeZoneNames_en done
Event: 45.624 Loading class jdk/internal/ref/CleanerImpl$InnocuousThreadFactory
Event: 45.624 Loading class jdk/internal/ref/CleanerImpl$InnocuousThreadFactory done
Event: 48.620 Loading class java/util/stream/ReduceOps$5
Event: 48.621 Loading class java/util/stream/ReduceOps$5 done
Event: 48.621 Loading class java/util/stream/ReduceOps$CountingSink$OfRef
Event: 48.621 Loading class java/util/stream/ReduceOps$CountingSink
Event: 48.621 Loading class java/util/stream/ReduceOps$CountingSink done
Event: 48.621 Loading class java/util/stream/ReduceOps$CountingSink$OfRef done
Event: 48.844 Loading class java/util/stream/DistinctOps
Event: 48.845 Loading class java/util/stream/DistinctOps done
Event: 48.845 Loading class java/util/stream/DistinctOps$1
Event: 48.846 Loading class java/util/stream/DistinctOps$1 done
Event: 48.857 Loading class java/util/stream/DistinctOps$1$2
Event: 48.859 Loading class java/util/stream/DistinctOps$1$2 done
Event: 49.934 Loading class java/util/LinkedList$LLSpliterator
Event: 49.934 Loading class java/util/LinkedList$LLSpliterator done
Event: 49.957 Loading class javax/xml/transform/TransformerConfigurationException
Event: 49.957 Loading class javax/xml/transform/TransformerConfigurationException done

Classes unloaded (7 events):
Event: 4.867 Thread 0x0000025a6a7e1d60 Unloading class 0x0000025a011ad400 'java/lang/invoke/LambdaForm$MH+0x0000025a011ad400'
Event: 4.867 Thread 0x0000025a6a7e1d60 Unloading class 0x0000025a011ad000 'java/lang/invoke/LambdaForm$MH+0x0000025a011ad000'
Event: 4.867 Thread 0x0000025a6a7e1d60 Unloading class 0x0000025a011acc00 'java/lang/invoke/LambdaForm$MH+0x0000025a011acc00'
Event: 4.867 Thread 0x0000025a6a7e1d60 Unloading class 0x0000025a011ac800 'java/lang/invoke/LambdaForm$MH+0x0000025a011ac800'
Event: 4.867 Thread 0x0000025a6a7e1d60 Unloading class 0x0000025a011ac400 'java/lang/invoke/LambdaForm$BMH+0x0000025a011ac400'
Event: 4.867 Thread 0x0000025a6a7e1d60 Unloading class 0x0000025a011ac000 'java/lang/invoke/LambdaForm$DMH+0x0000025a011ac000'
Event: 4.867 Thread 0x0000025a6a7e1d60 Unloading class 0x0000025a011aac00 'java/lang/invoke/LambdaForm$DMH+0x0000025a011aac00'

Classes redefined (0 events):
No events

Internal exceptions (20 events):
Event: 52.613 Thread 0x0000025a73ad3140 Exception <a 'java/lang/NullPointerException'{0x00000000d5607678}> (0x00000000d5607678) 
thrown [s\src\hotspot\share\interpreter\linkResolver.cpp, line 1372]
Event: 52.613 Thread 0x0000025a73ad3140 Exception <a 'java/lang/NullPointerException'{0x00000000d5608148}> (0x00000000d5608148) 
thrown [s\src\hotspot\share\interpreter\linkResolver.cpp, line 1372]
Event: 52.613 Thread 0x0000025a73ad3140 Exception <a 'java/lang/NullPointerException'{0x00000000d5609708}> (0x00000000d5609708) 
thrown [s\src\hotspot\share\interpreter\linkResolver.cpp, line 1372]
Event: 52.613 Thread 0x0000025a71909870 Exception <a 'sun/nio/fs/WindowsException'{0x00000000d55f7c10}> (0x00000000d55f7c10) 
thrown [s\src\hotspot\share\prims\jni.cpp, line 520]
Event: 52.621 Thread 0x0000025a73ad3140 Exception <a 'java/lang/NullPointerException'{0x00000000d5705738}> (0x00000000d5705738) 
thrown [s\src\hotspot\share\interpreter\linkResolver.cpp, line 1372]
Event: 52.621 Thread 0x0000025a73ad3140 Exception <a 'java/lang/NullPointerException'{0x00000000d570f580}> (0x00000000d570f580) 
thrown [s\src\hotspot\share\interpreter\linkResolver.cpp, line 1372]
Event: 52.623 Thread 0x0000025a73ad3140 Exception <a 'java/lang/NullPointerException'{0x00000000d574ff30}> (0x00000000d574ff30) 
thrown [s\src\hotspot\share\interpreter\linkResolver.cpp, line 1372]
Event: 52.623 Thread 0x0000025a73ad3140 Exception <a 'java/lang/NullPointerException'{0x00000000d5756d00}> (0x00000000d5756d00) 
thrown [s\src\hotspot\share\interpreter\linkResolver.cpp, line 1372]
Event: 52.623 Thread 0x0000025a73ad3140 Exception <a 'java/lang/NullPointerException'{0x00000000d5764818}> (0x00000000d5764818) 
thrown [s\src\hotspot\share\interpreter\linkResolver.cpp, line 1372]
Event: 52.717 Thread 0x0000025a719077a0 Exception <a 'java/lang/NullPointerException'{0x00000000d55e7498}> (0x00000000d55e7498) 
thrown [s\src\hotspot\share\interpreter\linkResolver.cpp, line 1372]
Event: 52.718 Thread 0x0000025a719077a0 Exception <a 'java/lang/NullPointerException'{0x00000000d55e7ea8}> (0x00000000d55e7ea8) 
thrown [s\src\hotspot\share\interpreter\linkResolver.cpp, line 1372]
Event: 52.729 Thread 0x0000025a73ad2420 Exception <a 'java/lang/NullPointerException'{0x00000000d55c7188}> (0x00000000d55c7188) 
thrown [s\src\hotspot\share\interpreter\linkResolver.cpp, line 1372]
Event: 52.729 Thread 0x0000025a73ad2420 Exception <a 'java/lang/NullPointerException'{0x00000000d55c7758}> (0x00000000d55c7758) 
thrown [s\src\hotspot\share\interpreter\linkResolver.cpp, line 1372]
Event: 52.729 Thread 0x0000025a73ad2420 Exception <a 'java/lang/NullPointerException'{0x00000000d55c8850}> (0x00000000d55c8850) 
thrown [s\src\hotspot\share\interpreter\linkResolver.cpp, line 1372]
Event: 52.812 Thread 0x0000025a71909870 Exception <a 'sun/nio/fs/WindowsException'{0x00000000d56a7bc0}> (0x00000000d56a7bc0) 
thrown [s\src\hotspot\share\prims\jni.cpp, line 520]
Event: 52.815 Thread 0x0000025a71909870 Exception <a 'java/lang/NullPointerException'{0x00000000d56c3a50}> (0x00000000d56c3a50) 
thrown [s\src\hotspot\share\interpreter\linkResolver.cpp, line 1372]
Event: 52.815 Thread 0x0000025a71909870 Exception <a 'java/lang/NullPointerException'{0x00000000d56c4010}> (0x00000000d56c4010) 
thrown [s\src\hotspot\share\interpreter\linkResolver.cpp, line 1372]
Event: 52.817 Thread 0x0000025a71909870 Exception <a 'java/lang/NullPointerException'{0x00000000d56cab00}> (0x00000000d56cab00) 
thrown [s\src\hotspot\share\interpreter\linkResolver.cpp, line 1372]
Event: 52.817 Thread 0x0000025a71909870 Exception <a 'java/lang/NullPointerException'{0x00000000d56cb078}> (0x00000000d56cb078) 
thrown [s\src\hotspot\share\interpreter\linkResolver.cpp, line 1372]
Event: 52.818 Thread 0x0000025a71909870 Exception <a 'java/lang/NullPointerException'{0x00000000d56cbd20}> (0x00000000d56cbd20) 
thrown [s\src\hotspot\share\interpreter\linkResolver.cpp, line 1372]

ZGC Phase Switch (0 events):
No events

VM Operations (20 events):
Event: 52.665 Executing VM operation: ParallelGCFailedAllocation (Allocation Failure) done
Event: 52.679 Executing VM operation: ParallelGCFailedAllocation (Allocation Failure)
Event: 52.682 Executing VM operation: ParallelGCFailedAllocation (Allocation Failure) done
Event: 52.690 Executing VM operation: ParallelGCFailedAllocation (Allocation Failure)
Event: 52.693 Executing VM operation: ParallelGCFailedAllocation (Allocation Failure) done
Event: 52.705 Executing VM operation: ParallelGCFailedAllocation (Allocation Failure)
Event: 52.708 Executing VM operation: ParallelGCFailedAllocation (Allocation Failure) done
Event: 52.720 Executing VM operation: ParallelGCFailedAllocation (Allocation Failure)
Event: 52.724 Executing VM operation: ParallelGCFailedAllocation (Allocation Failure) done
Event: 52.738 Executing VM operation: ParallelGCFailedAllocation (Allocation Failure)
Event: 52.742 Executing VM operation: ParallelGCFailedAllocation (Allocation Failure) done
Event: 52.745 Executing VM operation: ParallelGCFailedAllocation (Allocation Failure)
Event: 52.748 Executing VM operation: ParallelGCFailedAllocation (Allocation Failure) done
Event: 52.759 Executing VM operation: ParallelGCFailedAllocation (Allocation Failure)
Event: 52.763 Executing VM operation: ParallelGCFailedAllocation (Allocation Failure) done
Event: 52.766 Executing VM operation: ParallelGCFailedAllocation (Allocation Failure)
Event: 52.770 Executing VM operation: ParallelGCFailedAllocation (Allocation Failure) done
Event: 52.778 Executing VM operation: ParallelGCFailedAllocation (Allocation Failure)
Event: 52.782 Executing VM operation: ParallelGCFailedAllocation (Allocation Failure) done
Event: 53.006 Executing VM operation: ParallelGCFailedAllocation (Allocation Failure)

Memory protections (0 events):
No events

Nmethod flushes (20 events):
Event: 10.955 Thread 0x0000025a6a7e1d60 flushing  nmethod 0x0000025a57786110
Event: 10.955 Thread 0x0000025a6a7e1d60 flushing  nmethod 0x0000025a5778a810
Event: 10.955 Thread 0x0000025a6a7e1d60 flushing osr nmethod 0x0000025a5778d310
Event: 10.955 Thread 0x0000025a6a7e1d60 flushing  nmethod 0x0000025a5779b090
Event: 10.955 Thread 0x0000025a6a7e1d60 flushing  nmethod 0x0000025a577b9f90
Event: 10.955 Thread 0x0000025a6a7e1d60 flushing  nmethod 0x0000025a577bb010
Event: 10.955 Thread 0x0000025a6a7e1d60 flushing  nmethod 0x0000025a577bfe90
Event: 10.955 Thread 0x0000025a6a7e1d60 flushing  nmethod 0x0000025a577c0990
Event: 10.955 Thread 0x0000025a6a7e1d60 flushing  nmethod 0x0000025a577c1410
Event: 10.955 Thread 0x0000025a6a7e1d60 flushing  nmethod 0x0000025a577c1f90
Event: 10.955 Thread 0x0000025a6a7e1d60 flushing  nmethod 0x0000025a577d0710
Event: 10.955 Thread 0x0000025a6a7e1d60 flushing  nmethod 0x0000025a577d1790
Event: 10.955 Thread 0x0000025a6a7e1d60 flushing  nmethod 0x0000025a577e5590
Event: 10.955 Thread 0x0000025a6a7e1d60 flushing  nmethod 0x0000025a577fe610
Event: 10.955 Thread 0x0000025a6a7e1d60 flushing  nmethod 0x0000025a5780cb90
Event: 10.955 Thread 0x0000025a6a7e1d60 flushing  nmethod 0x0000025a5781f790
Event: 10.955 Thread 0x0000025a6a7e1d60 flushing  nmethod 0x0000025a5781ff90
Event: 10.955 Thread 0x0000025a6a7e1d60 flushing  nmethod 0x0000025a57820a10
Event: 10.955 Thread 0x0000025a6a7e1d60 flushing  nmethod 0x0000025a57823610
Event: 10.955 Thread 0x0000025a6a7e1d60 flushing  nmethod 0x0000025a57825990

Events (20 events):
Event: 46.989 Thread 0x0000025a6a8124d0 Thread added: 0x0000025a72fd7f90
Event: 47.034 Thread 0x0000025a6a8124d0 Thread added: 0x0000025a717bb140
Event: 47.992 Thread 0x0000025a717bb140 Thread exited: 0x0000025a717bb140
Event: 47.992 Thread 0x0000025a72fd7f90 Thread exited: 0x0000025a72fd7f90
Event: 48.002 Thread 0x0000025a6a8124d0 Thread added: 0x0000025a72fd7f90
Event: 48.020 Thread 0x0000025a6a8124d0 Thread added: 0x0000025a717bb140
Event: 48.215 Thread 0x0000025a717bb140 Thread exited: 0x0000025a717bb140
Event: 48.306 Thread 0x0000025a6a7fe560 Thread added: 0x0000025a7d3e5100
Event: 48.691 Thread 0x0000025a71908b50 Thread added: 0x0000025a741a71d0
Event: 50.591 Thread 0x0000025a7d3e5100 Thread exited: 0x0000025a7d3e5100
Event: 50.596 Thread 0x0000025a72fd7f90 Thread exited: 0x0000025a72fd7f90
Event: 50.639 Thread 0x0000025a6a8124d0 Thread added: 0x0000025a72fd7f90
Event: 51.052 Thread 0x0000025a72fd7f90 Thread exited: 0x0000025a72fd7f90
Event: 51.810 Thread 0x0000025a6a8124d0 Thread added: 0x0000025a6c3fd890
Event: 51.824 Thread 0x0000025a6a8124d0 Thread added: 0x0000025a72fd7f90
Event: 52.280 Thread 0x0000025a72fd7f90 Thread exited: 0x0000025a72fd7f90
Event: 52.281 Thread 0x0000025a6c3fd890 Thread exited: 0x0000025a6c3fd890
Event: 52.629 Thread 0x0000025a6a8124d0 Thread added: 0x0000025a72fd7f90
Event: 52.715 Thread 0x0000025a719077a0 Thread added: 0x0000025a741a9930
Event: 52.745 Thread 0x0000025a6a8124d0 Thread added: 0x0000025a7d3e5100


Dynamic libraries:
0x00007ff76a030000 - 0x00007ff76a03e000 	c:\Users\usuario\.vscode\extensions\redhat.java-1.50.0-win32-x64\jre\21.0.9-win32-x86_64\bin\java.exe
0x00007ff8da700000 - 0x00007ff8da967000 	C:\WINDOWS\SYSTEM32\ntdll.dll
0x00007ff8b3960000 - 0x00007ff8b3980000 	C:\Program Files\Avast Software\Avast\aswhook.dll
0x00007ff8d92b0000 - 0x00007ff8d9379000 	C:\WINDOWS\System32\KERNEL32.DLL
0x00007ff8d7f10000 - 0x00007ff8d8301000 	C:\WINDOWS\System32\KERNELBASE.dll
0x00007ff8d7c40000 - 0x00007ff8d7d8b000 	C:\WINDOWS\System32\ucrtbase.dll
0x00007ff8c4450000 - 0x00007ff8c4468000 	c:\Users\usuario\.vscode\extensions\redhat.java-1.50.0-win32-x64\jre\21.0.9-win32-x86_64\bin\jli.dll
0x00007ff8d85e0000 - 0x00007ff8d87a5000 	C:\WINDOWS\System32\USER32.dll
0x00007ff8c4430000 - 0x00007ff8c444e000 	c:\Users\usuario\.vscode\extensions\redhat.java-1.50.0-win32-x64\jre\21.0.9-win32-x86_64\bin\VCRUNTIME140.dll
0x00007ff8d83c0000 - 0x00007ff8d83e7000 	C:\WINDOWS\System32\win32u.dll
0x00007ff8d9ca0000 - 0x00007ff8d9ccb000 	C:\WINDOWS\System32\GDI32.dll
0x00007ff8b0e20000 - 0x00007ff8b10b3000 	C:\WINDOWS\WinSxS\amd64_microsoft.windows.common-controls_6595b64144ccf1df_6.0.26100.7344_none_3e0a71fae332857b\COMCTL32.dll
0x00007ff8d8fb0000 - 0x00007ff8d9059000 	C:\WINDOWS\System32\msvcrt.dll
0x00007ff8d7850000 - 0x00007ff8d797b000 	C:\WINDOWS\System32\gdi32full.dll
0x00007ff8d8310000 - 0x00007ff8d83b3000 	C:\WINDOWS\System32\msvcp_win.dll
0x00007ff8d8530000 - 0x00007ff8d8561000 	C:\WINDOWS\System32\IMM32.DLL
0x00007ff8c4420000 - 0x00007ff8c442c000 	c:\Users\usuario\.vscode\extensions\redhat.java-1.50.0-win32-x64\jre\21.0.9-win32-x86_64\bin\vcruntime140_1.dll
0x00007ff8997e0000 - 0x00007ff89986d000 	c:\Users\usuario\.vscode\extensions\redhat.java-1.50.0-win32-x64\jre\21.0.9-win32-x86_64\bin\msvcp140.dll
0x00007ff823750000 - 0x00007ff8244f0000 	c:\Users\usuario\.vscode\extensions\redhat.java-1.50.0-win32-x64\jre\21.0.9-win32-x86_64\bin\server\jvm.dll
0x00007ff8d9be0000 - 0x00007ff8d9c94000 	C:\WINDOWS\System32\ADVAPI32.dll
0x00007ff8d9170000 - 0x00007ff8d9216000 	C:\WINDOWS\System32\sechost.dll
0x00007ff8d93a0000 - 0x00007ff8d94b8000 	C:\WINDOWS\System32\RPCRT4.dll
0x00007ff8d9a80000 - 0x00007ff8d9af4000 	C:\WINDOWS\System32\WS2_32.dll
0x00007ff8d76b0000 - 0x00007ff8d770e000 	C:\WINDOWS\SYSTEM32\POWRPROF.dll
0x00007ff8b1fb0000 - 0x00007ff8b1fe5000 	C:\WINDOWS\SYSTEM32\WINMM.dll
0x00007ff8c89d0000 - 0x00007ff8c89db000 	C:\WINDOWS\SYSTEM32\VERSION.dll
0x00007ff8d7690000 - 0x00007ff8d76a4000 	C:\WINDOWS\SYSTEM32\UMPDC.dll
0x00007ff8d65c0000 - 0x00007ff8d65db000 	C:\WINDOWS\SYSTEM32\kernel.appcore.dll
0x00007ff8b7af0000 - 0x00007ff8b7afa000 	c:\Users\usuario\.vscode\extensions\redhat.java-1.50.0-win32-x64\jre\21.0.9-win32-x86_64\bin\jimage.dll
0x00007ff8c7f70000 - 0x00007ff8c81b2000 	C:\WINDOWS\SYSTEM32\DBGHELP.DLL
0x00007ff8d96f0000 - 0x00007ff8d9a74000 	C:\WINDOWS\System32\combase.dll
0x00007ff8d9b00000 - 0x00007ff8d9bd7000 	C:\WINDOWS\System32\OLEAUT32.dll
0x00007ff8c7d10000 - 0x00007ff8c7d4b000 	C:\WINDOWS\SYSTEM32\dbgcore.DLL
0x00007ff8d83f0000 - 0x00007ff8d8495000 	C:\WINDOWS\System32\bcryptPrimitives.dll
0x00007ff8c66f0000 - 0x00007ff8c66ff000 	c:\Users\usuario\.vscode\extensions\redhat.java-1.50.0-win32-x64\jre\21.0.9-win32-x86_64\bin\instrument.dll
0x00007ff8b25b0000 - 0x00007ff8b25d0000 	c:\Users\usuario\.vscode\extensions\redhat.java-1.50.0-win32-x64\jre\21.0.9-win32-x86_64\bin\java.dll
0x00007ff8d9ed0000 - 0x00007ff8da61f000 	C:\WINDOWS\System32\SHELL32.dll
0x00007ff8d7ad0000 - 0x00007ff8d7c3a000 	C:\WINDOWS\System32\wintypes.dll
0x00007ff8d5440000 - 0x00007ff8d5ca2000 	C:\WINDOWS\SYSTEM32\windows.storage.dll
0x00007ff8d94f0000 - 0x00007ff8d95e6000 	C:\WINDOWS\System32\SHCORE.dll
0x00007ff8d8570000 - 0x00007ff8d85d7000 	C:\WINDOWS\System32\shlwapi.dll
0x00007ff8d7770000 - 0x00007ff8d7798000 	C:\WINDOWS\SYSTEM32\profapi.dll
0x00007ff8af430000 - 0x00007ff8af448000 	c:\Users\usuario\.vscode\extensions\redhat.java-1.50.0-win32-x64\jre\21.0.9-win32-x86_64\bin\zip.dll
0x00007ff8c66e0000 - 0x00007ff8c66f0000 	C:\Users\usuario\.vscode\extensions\redhat.java-1.50.0-win32-x64\jre\21.0.9-win32-x86_64\bin\net.dll
0x00007ff8cf770000 - 0x00007ff8cf898000 	C:\WINDOWS\SYSTEM32\WINHTTP.dll
0x00007ff8d6b10000 - 0x00007ff8d6b7b000 	C:\WINDOWS\system32\mswsock.dll
0x00007ff8c66c0000 - 0x00007ff8c66d6000 	C:\Users\usuario\.vscode\extensions\redhat.java-1.50.0-win32-x64\jre\21.0.9-win32-x86_64\bin\nio.dll
0x00007ff8b7ae0000 - 0x00007ff8b7af0000 	c:\Users\usuario\.vscode\extensions\redhat.java-1.50.0-win32-x64\jre\21.0.9-win32-x86_64\bin\verify.dll
0x00007ff8a4f20000 - 0x00007ff8a4f64000 	C:\Users\usuario\AppData\Roaming\Code\User\globalStorage\redhat.java\1.50.0\config_win\org.eclipse.equinox.launcher\org.eclipse.equinox.launcher.win32.win32.x86_64_1.2.1400.v20250801-0854\eclipse_11916.dll
0x00007ff8d8db0000 - 0x00007ff8d8f47000 	C:\WINDOWS\System32\ole32.dll
0x00007ff8d6f00000 - 0x00007ff8d6f1b000 	C:\WINDOWS\SYSTEM32\CRYPTSP.dll
0x00007ff8d6520000 - 0x00007ff8d655a000 	C:\WINDOWS\system32\rsaenh.dll
0x00007ff8d6bc0000 - 0x00007ff8d6beb000 	C:\WINDOWS\SYSTEM32\USERENV.dll
0x00007ff8d7740000 - 0x00007ff8d776a000 	C:\WINDOWS\SYSTEM32\bcrypt.dll
0x00007ff8d6d60000 - 0x00007ff8d6d6c000 	C:\WINDOWS\SYSTEM32\CRYPTBASE.dll
0x00007ff8d5fc0000 - 0x00007ff8d5ff4000 	C:\WINDOWS\SYSTEM32\IPHLPAPI.DLL
0x00007ff8d9cd0000 - 0x00007ff8d9cda000 	C:\WINDOWS\System32\NSI.dll
0x00007ff899700000 - 0x00007ff899749000 	C:\Users\usuario\AppData\Local\Temp\jna--132844754\jna14028147850152489812.dll
0x00007ff8d92a0000 - 0x00007ff8d92a8000 	C:\WINDOWS\System32\PSAPI.DLL
0x00007ff8cf5c0000 - 0x00007ff8cf5de000 	C:\WINDOWS\SYSTEM32\dhcpcsvc6.DLL
0x00007ff8cf590000 - 0x00007ff8cf5b3000 	C:\WINDOWS\SYSTEM32\dhcpcsvc.DLL

JVMTI agents:
c:\Users\usuario\.vscode\extensions\redhat.java-1.50.0-win32-x64\lombok\lombok-1.18.39-4050.jar path:c:\Users\usuario\.vscode\extensions\redhat.java-1.50.0-win32-x64\jre\21.0.9-win32-x86_64\bin\instrument.dll, loaded, initialized, instrumentlib options:none

dbghelp: loaded successfully - version: 4.0.5 - missing functions: none
symbol engine: initialized successfully - sym options: 0x614 - pdb path: .;c:\Users\usuario\.vscode\extensions\redhat.java-1.50.0-win32-x64\jre\21.0.9-win32-x86_64\bin;C:\WINDOWS\SYSTEM32;C:\Program Files\Avast Software\Avast;C:\WINDOWS\WinSxS\amd64_microsoft.windows.common-controls_6595b64144ccf1df_6.0.26100.7344_none_3e0a71fae332857b;c:\Users\usuario\.vscode\extensions\redhat.java-1.50.0-win32-x64\jre\21.0.9-win32-x86_64\bin\server;C:\Users\usuario\AppData\Roaming\Code\User\globalStorage\redhat.java\1.50.0\config_win\org.eclipse.equinox.launcher\org.eclipse.equinox.launcher.win32.win32.x86_64_1.2.1400.v20250801-0854;C:\Users\usuario\AppData\Local\Temp\jna--132844754

VM Arguments:
jvm_args: --add-modules=ALL-SYSTEM --add-opens=java.base/java.util=ALL-UNNAMED --add-opens=java.base/java.lang=ALL-UNNAMED --add-opens=java.base/sun.nio.fs=ALL-UNNAMED -Declipse.application=org.eclipse.jdt.ls.core.id1 -Dosgi.bundles.defaultStartLevel=4 -Declipse.product=org.eclipse.jdt.ls.core.product -Djava.import.generatesMetadataFilesAtProjectRoot=false -DDetectVMInstallationsJob.disabled=true -Dfile.encoding=utf8 -XX:+UseParallelGC -XX:GCTimeRatio=4 -XX:AdaptiveSizePolicyWeight=90 -Dsun.zip.disableMemoryMapping=true -Xmx2G -Xms100m -Xlog:disable -javaagent:c:\Users\usuario\.vscode\extensions\redhat.java-1.50.0-win32-x64\lombok\lombok-1.18.39-4050.jar -XX:+HeapDumpOnOutOfMemoryError -XX:HeapDumpPath=c:\Users\usuario\AppData\Roaming\Code\User\workspaceStorage\97ec7844c45ac794c49da2b2a27a64e2\redhat.java -Daether.dependencyCollector.impl=bf 
java_command: c:\Users\usuario\.vscode\extensions\redhat.java-1.50.0-win32-x64\server\plugins\org.eclipse.equinox.launcher_1.7.100.v20251111-0406.jar -configuration c:\Users\usuario\AppData\Roaming\Code\User\globalStorage\redhat.java\1.50.0\config_win -data c:\Users\usuario\AppData\Roaming\Code\User\workspaceStorage\97ec7844c45ac794c49da2b2a27a64e2\redhat.java\jdt_ws --pipe=\\.\pipe\lsp-2dc1a8bd8b25b8a52f5bc7c767c1419a-sock
java_class_path (initial): c:\Users\usuario\.vscode\extensions\redhat.java-1.50.0-win32-x64\server\plugins\org.eclipse.equinox.launcher_1.7.100.v20251111-0406.jar
Launcher Type: SUN_STANDARD

[Global flags]
    uintx AdaptiveSizePolicyWeight                 = 90                                        {product} {command line}
     intx CICompilerCount                          = 4                                         {product} {ergonomic}
    uintx GCTimeRatio                              = 4                                         {product} {command line}
     bool HeapDumpOnOutOfMemoryError               = true                                   {manageable} {command line}
    ccstr HeapDumpPath                             = c:\Users\usuario\AppData\Roaming\Code\User\workspaceStorage\97ec7844c45ac794c49da2b2a27a64e2\redhat.java         {manageable} {command line}
   size_t InitialHeapSize                          = 104857600                                 {product} {command line}
   size_t MaxHeapSize                              = 2147483648                                {product} {command line}
   size_t MaxNewSize                               = 715653120                                 {product} {ergonomic}
   size_t MinHeapDeltaBytes                        = 524288                                    {product} {ergonomic}
   size_t MinHeapSize                              = 104857600                                 {product} {command line}
   size_t NewSize                                  = 34603008                                  {product} {ergonomic}
    uintx NonNMethodCodeHeapSize                   = 5839372                                {pd product} {ergonomic}
    uintx NonProfiledCodeHeapSize                  = 122909434                              {pd product} {ergonomic}
   size_t OldSize                                  = 70254592                                  {product} {ergonomic}
    uintx ProfiledCodeHeapSize                     = 122909434                              {pd product} {ergonomic}
    uintx ReservedCodeCacheSize                    = 251658240                              {pd product} {ergonomic}
     bool SegmentedCodeCache                       = true                                      {product} {ergonomic}
   size_t SoftMaxHeapSize                          = 2147483648                             {manageable} {ergonomic}
     bool UseCompressedOops                        = true                           {product lp64_product} {ergonomic}
     bool UseLargePagesIndividualAllocation        = false                                  {pd product} {ergonomic}
     bool UseParallelGC                            = true                                      {product} {command line}

Logging:
Log output configuration:
 #0: stdout all=off uptime,level,tags foldmultilines=false
 #1: stderr all=off uptime,level,tags foldmultilines=false

Release file:
JAVA_VERSION="21.0.9" 
MODULES="java.base java.compiler java.datatransfer java.xml java.prefs java.desktop java.instrument java.logging java.management java.security.sasl java.naming java.rmi java.management.rmi java.net.http java.scripting java.security.jgss java.transaction.xa java.sql java.sql.rowset java.xml.crypto java.se java.smartcardio jdk.accessibility jdk.internal.jvmstat jdk.attach jdk.charsets jdk.internal.opt jdk.zipfs jdk.compiler jdk.crypto.ec jdk.crypto.cryptoki jdk.crypto.mscapi jdk.dynalink jdk.internal.ed jdk.editpad jdk.hotspot.agent jdk.httpserver jdk.internal.le jdk.internal.vm.ci jdk.internal.vm.compiler jdk.internal.vm.compiler.management jdk.jartool jdk.javadoc jdk.jcmd jdk.management jdk.management.agent jdk.jconsole jdk.jdeps jdk.jdwp.agent jdk.jdi jdk.jfr jdk.jshell jdk.jsobject jdk.jstatd jdk.localedata jdk.management.jfr jdk.naming.dns jdk.naming.rmi jdk.net jdk.nio.mapmode jdk.random jdk.sctp jdk.security.auth jdk.security.jgss jdk.unsupported jdk.unsupported.desktop jdk.xml.dom" 

Environment Variables:
PATH=C:\Program Files\Eclipse Adoptium\jdk-21.0.8.9-hotspot\bin;C:\Users\usuario\Downloads\MicrosoftWindows.Client.CBS_cw5n1h2txyewy!InputApp;C:\WINDOWS;C:\WINDOWS\System32\Wbem;C:\WINDOWS\System32\WindowsPowerShell\v1.0\;C:\WINDOWS\System32\OpenSSH\;C:\Program Files\nodejs\;C:\Program Files\dotnet\;C:\Users\usuario\Downloads\Git;C:\Git;Downloads;C:\Users\usuario\.console-ninja\.bin;C:\Users\usuario\AppData\Local\Programs\Eclipse Adoptium\jdk-21.0.6.7-hotspot\bin;C:\Users\usuario\AppData\Local\Programs\Python\Launcher\;C:\Users\usuario\AppData\Local\Microsoft\WindowsApps;C:\Users\usuario\AppData\Local\Programs\Microsoft VS Code\bin;C:\Users\usuario\AppData\Roaming\npm;C:\Program Files\JetBrains\PyCharm 2024.3.2\bin;C:\Panda3D-1.10.15-x64\python;C:\Panda3D-1.10.15-x64\python\Scripts;C:\Panda3D-1.10.15-x64\bin;C:\Users\usuario\OneDrive\Desktop\PyCharm 2025.1\bin;C:\ProgramData\usuario\GitHubDesktop\bin;C:\Users\usuario\AppData\Local\GitHubDesktop\bin;C:\Use;C:\Users\usuario\AppData\Local\Android\sdk\platform-tools;C:\src\flutter\bin;C:\Users\usuario\AppData\Local\Android\Sdk\cmdline-tools\cmdline-tools\bin;C:\Windows\System32;C:\Users\usuario\AppData\Local\Android\sdk\cmdline-tools\latest\bin;C:\Users\usuario\OneDrive\Desktop\flutter\bin;C:\tradutor_dog\flutter;C:\Users\usuario\AppData\Local\Programs\Python\Python313\;C:\Users\usuario\AppData\Local\Programs\Python\Python313\Scripts\;C:\Program Files\Git\cmd;C:\Program Files (x86)\Windows Kits\10\Windows Performance Toolkit\;%SystemRoot%\system32;%SystemRoot%;%SystemRoot%\System32\Wbem;%SYSTEMROOT%\System32\WindowsPowerShell\v1.0\;%SYSTEMROOT%\System32\OpenSSH\;C:\Users\usuario\AppData\Local\Programs\Python\Python313\Scripts\;C:\Users\usuario\AppData\Local\Programs\Python\Python313\;C:\Users\usuario\.console-ninja\.bin;C:\Users\usuario\AppData\Local\Microsoft\WindowsApps;C:\Users\usuario\AppData\Local\Programs\Microsoft VS Code\bin;C:\Users\usuario\AppData\Roaming\npm;C:\Program Files\JetBrains\PyCharm 2024.3.2\bin;C:\Panda3D-1.10.15-x64\python;C:\Panda3D-1.10.15-x64\python\Scripts;C:\Panda3D-1.10.15-x64\bin;C:\Users\usuario\OneDrive\Desktop\PyCharm 2025.1.1.1\bin;;C:\ProgramData\usuario\GitHubDesktop\bin;C:\Users\usuario\.dotnet\tools;C:\Program Files\Git\cmd;C:\src\flutter\bin;C:\Users\usuario\AppData\Local\Android\sdk\platform-tools;C:\Users\usuario\AppData\Local\Android\sdk\cmdline-tools\latest\bin;C:\Users\usuario\AppData\Local\Microsoft\WindowsApps;C:\Users\usuario\AppData\Local\Python\bin
USERNAME=usuario
OS=Windows_NT
PROCESSOR_IDENTIFIER=Intel64 Family 6 Model 142 Stepping 12, GenuineIntel
TMP=C:\Users\usuario\AppData\Local\Temp
TEMP=C:\Users\usuario\AppData\Local\Temp




Periodic native trim disabled

---------------  S Y S T E M  ---------------

OS:
 Windows 11 , 64 bit Build 26100 (10.0.26100.7523)
OS uptime: 0 days 1:26 hours
Hyper-V role detected

CPU: total 8 (initial active 8) (4 cores per cpu, 2 threads per core) family 6 model 142 stepping 12 microcode 0xde, cx8, cmov, fxsr, ht, mmx, 3dnowpref, sse, sse2, sse3, ssse3, sse4.1, sse4.2, popcnt, lzcnt, tsc, tscinvbit, avx, avx2, aes, erms, clmul, bmi1, bmi2, adx, fma, vzeroupper, clflush, clflushopt, hv, rdtscp, f16c
Processor Information for the first 8 processors :
  Max Mhz: 2112, Current Mhz: 1609, Mhz Limit: 1605

Memory: 4k page, system-wide physical 16168M (3214M free)
TotalPageFile size 16168M (AvailPageFile size 32M)
current process WorkingSet (physical memory assigned to process): 828M, peak: 839M
current process commit charge ("private bytes"): 769M, peak: 779M

vm_info: OpenJDK 64-Bit Server VM (21.0.9+10-LTS) for windows-amd64 JRE (21.0.9+10-LTS), built on 2025-10-21T00:00:00Z by "admin" with unknown MS VC++:1942

END.
