#
# There is insufficient memory for the Java Runtime Environment to continue.
# Native memory allocation (malloc) failed to allocate 1048576 bytes. Error detail: AllocateHeap
# Possible reasons:
#   The system is out of physical RAM or swap space
#   This process is running with CompressedOops enabled, and the Java Heap may be blocking the growth of the native heap
# Possible solutions:
#   Reduce memory load on the system
#   Increase physical memory or swap space
#   Check if swap backing store is full
#   Decrease Java heap size (-Xmx/-Xms)
#   Decrease number of Java threads
#   Decrease Java thread stack sizes (-Xss)
#   Set larger code cache with -XX:ReservedCodeCacheSize=
#   JVM is running with Unscaled Compressed Oops mode in which the Java heap is
#     placed in the first 4GB address space. The Java Heap base address is the
#     maximum limit for the native heap growth. Please use -XX:HeapBaseMinAddress
#     to set the Java Heap base and to place the Java Heap above 4GB virtual address.
# This output file may be truncated or incomplete.
#
#  Out of Memory Error (allocation.cpp:44), pid=25364, tid=20664
#
# JRE version: OpenJDK Runtime Environment Temurin-21.0.9+10 (21.0.9+10) (build 21.0.9+10-LTS)
# Java VM: OpenJDK 64-Bit Server VM Temurin-21.0.9+10 (21.0.9+10-LTS, mixed mode, sharing, tiered, compressed oops, compressed class ptrs, parallel gc, windows-amd64)
# No core dump will be written. Minidumps are not enabled by default on client versions of Windows
#

---------------  S U M M A R Y ------------

Command Line: --add-modules=ALL-SYSTEM --add-opens=java.base/java.util=ALL-UNNAMED --add-opens=java.base/java.lang=ALL-UNNAMED --add-opens=java.base/sun.nio.fs=ALL-UNNAMED -Declipse.application=org.eclipse.jdt.ls.core.id1 -Dosgi.bundles.defaultStartLevel=4 -Declipse.product=org.eclipse.jdt.ls.core.product -Djava.import.generatesMetadataFilesAtProjectRoot=false -DDetectVMInstallationsJob.disabled=true -Dfile.encoding=utf8 -XX:+UseParallelGC -XX:GCTimeRatio=4 -XX:AdaptiveSizePolicyWeight=90 -Dsun.zip.disableMemoryMapping=true -Xmx2G -Xms100m -Xlog:disable -javaagent:c:\Users\usuario\.vscode\extensions\redhat.java-1.50.0-win32-x64\lombok\lombok-1.18.39-4050.jar -XX:+HeapDumpOnOutOfMemoryError -XX:HeapDumpPath=c:\Users\usuario\AppData\Roaming\Code\User\workspaceStorage\97ec7844c45ac794c49da2b2a27a64e2\redhat.java -Daether.dependencyCollector.impl=bf c:\Users\usuario\.vscode\extensions\redhat.java-1.50.0-win32-x64\server\plugins\org.eclipse.equinox.launcher_1.7.100.v20251111-0406.jar -configuration c:\Users\usuario\AppData\Roaming\Code\User\globalStorage\redhat.java\1.50.0\config_win -data c:\Users\usuario\AppData\Roaming\Code\User\workspaceStorage\97ec7844c45ac794c49da2b2a27a64e2\redhat.java\jdt_ws --pipe=\\.\pipe\lsp-b19377b9fcf9b8720506046def98f0a6-sock

Host: Intel(R) Core(TM) i5-10210U CPU @ 1.60GHz, 8 cores, 15G,  Windows 11 , 64 bit Build 26100 (10.0.26100.7523)
Time: Mon Jan  5 09:40:46 2026 Hora oficial do Brasil elapsed time: 753.517589 seconds (0d 0h 12m 33s)

---------------  T H R E A D  ---------------

Current thread (0x0000023d6a262930):  JavaThread "Attach Listener" daemon [_thread_in_vm, id=20664, stack(0x0000006269100000,0x0000006269200000) (1024K)]

Stack: [0x0000006269100000,0x0000006269200000]
Native frames: (J=compiled Java code, j=interpreted, Vv=VM code, C=native code)
V  [jvm.dll+0x6d6e29]
V  [jvm.dll+0x8b4b76]
V  [jvm.dll+0x8b712e]
V  [jvm.dll+0x8b7813]
V  [jvm.dll+0x283d86]
V  [jvm.dll+0xc1277]
V  [jvm.dll+0x6d76d9]
V  [jvm.dll+0x133466]
V  [jvm.dll+0x3f7ea6]
V  [jvm.dll+0x85e9ad]
V  [jvm.dll+0x6d565d]
C  [ucrtbase.dll+0x37b0]
C  [KERNEL32.DLL+0x2e8d7]
C  [ntdll.dll+0x8c3dc]


---------------  P R O C E S S  ---------------

Threads class SMR info:
_java_thread_list=0x0000023d70293cb0, length=48, elements={
0x0000023d537e7510, 0x0000023d6a259fa0, 0x0000023d6a25d180, 0x0000023d6a261e50,
0x0000023d6a262930, 0x0000023d6a265490, 0x0000023d6a2673a0, 0x0000023d6a26b730,
0x0000023d6a26c410, 0x0000023d6bd20750, 0x0000023d6be3a050, 0x0000023d709bee80,
0x0000023d7072bcb0, 0x0000023d704f9cd0, 0x0000023d704fa700, 0x0000023d70bedfe0,
0x0000023d70ca5db0, 0x0000023d70a5ee00, 0x0000023d6bc147f0, 0x0000023d73812860,
0x0000023d73810e20, 0x0000023d73813580, 0x0000023d738142a0, 0x0000023d73813c10,
0x0000023d73811b40, 0x0000023d738121d0, 0x0000023d753c24b0, 0x0000023d753c5930,
0x0000023d753c4580, 0x0000023d753c31d0, 0x0000023d753c5fc0, 0x0000023d753c4c10,
0x0000023d753c9440, 0x0000023d753c8720, 0x0000023d753c9ad0, 0x0000023d72459870,
0x0000023d724577a0, 0x0000023d72458b50, 0x0000023d753c3860, 0x0000023d753c8db0,
0x0000023d6bc13ad0, 0x0000023d6bc14160, 0x0000023d724584c0, 0x0000023d753c3ef0,
0x0000023d7458ace0, 0x0000023d7458d440, 0x0000023d7458a650, 0x0000023d7458cdb0
}

Java Threads: ( => current thread )
  0x0000023d537e7510 JavaThread "main"                              [_thread_blocked, id=8408, stack(0x0000006268a00000,0x0000006268b00000) (1024K)]
  0x0000023d6a259fa0 JavaThread "Reference Handler"          daemon [_thread_blocked, id=24476, stack(0x0000006268e00000,0x0000006268f00000) (1024K)]
  0x0000023d6a25d180 JavaThread "Finalizer"                  daemon [_thread_blocked, id=10896, stack(0x0000006268f00000,0x0000006269000000) (1024K)]
  0x0000023d6a261e50 JavaThread "Signal Dispatcher"          daemon [_thread_blocked, id=25100, stack(0x0000006269000000,0x0000006269100000) (1024K)]
=>0x0000023d6a262930 JavaThread "Attach Listener"            daemon [_thread_in_vm, id=20664, stack(0x0000006269100000,0x0000006269200000) (1024K)]
  0x0000023d6a265490 JavaThread "Service Thread"             daemon [_thread_blocked, id=16912, stack(0x0000006269200000,0x0000006269300000) (1024K)]
  0x0000023d6a2673a0 JavaThread "Monitor Deflation Thread"   daemon [_thread_blocked, id=16752, stack(0x0000006269300000,0x0000006269400000) (1024K)]
  0x0000023d6a26b730 JavaThread "C2 CompilerThread0"         daemon [_thread_blocked, id=24340, stack(0x0000006269400000,0x0000006269500000) (1024K)]
  0x0000023d6a26c410 JavaThread "C1 CompilerThread0"         daemon [_thread_blocked, id=24656, stack(0x0000006269500000,0x0000006269600000) (1024K)]
  0x0000023d6bd20750 JavaThread "Common-Cleaner"             daemon [_thread_blocked, id=5976, stack(0x0000006269700000,0x0000006269800000) (1024K)]
  0x0000023d6be3a050 JavaThread "Notification Thread"        daemon [_thread_blocked, id=24536, stack(0x0000006269600000,0x0000006269700000) (1024K)]
  0x0000023d709bee80 JavaThread "Active Thread: Equinox Container: cbf7c166-9ad5-4c98-91ad-97c22465d9e2"        [_thread_blocked, id=12380, stack(0x0000006269900000,0x0000006269a00000) (1024K)]
  0x0000023d7072bcb0 JavaThread "Refresh Thread: Equinox Container: cbf7c166-9ad5-4c98-91ad-97c22465d9e2" daemon [_thread_blocked, id=14664, stack(0x0000006269800000,0x0000006269900000) (1024K)]
  0x0000023d704f9cd0 JavaThread "Framework Event Dispatcher: Equinox Container: cbf7c166-9ad5-4c98-91ad-97c22465d9e2" daemon [_thread_blocked, id=23368, stack(0x000000626a100000,0x000000626a200000) (1024K)]
  0x0000023d704fa700 JavaThread "Start Level: Equinox Container: cbf7c166-9ad5-4c98-91ad-97c22465d9e2" daemon [_thread_blocked, id=20536, stack(0x000000626a200000,0x000000626a300000) (1024K)]
  0x0000023d70bedfe0 JavaThread "Bundle File Closer"         daemon [_thread_blocked, id=13728, stack(0x000000626a300000,0x000000626a400000) (1024K)]
  0x0000023d70ca5db0 JavaThread "SCR Component Actor"        daemon [_thread_blocked, id=14884, stack(0x000000626a400000,0x000000626a500000) (1024K)]
  0x0000023d70a5ee00 JavaThread "Worker-JM"                         [_thread_blocked, id=24860, stack(0x000000626a600000,0x000000626a700000) (1024K)]
  0x0000023d6bc147f0 JavaThread "Java indexing"              daemon [_thread_blocked, id=6128, stack(0x000000626ab00000,0x000000626ac00000) (1024K)]
  0x0000023d73812860 JavaThread "JNA Cleaner"                daemon [_thread_blocked, id=22844, stack(0x000000626ad00000,0x000000626ae00000) (1024K)]
  0x0000023d73810e20 JavaThread "Thread-1"                   daemon [_thread_in_native, id=21996, stack(0x000000626b200000,0x000000626b300000) (1024K)]
  0x0000023d73813580 JavaThread "Thread-2"                   daemon [_thread_in_native, id=25024, stack(0x000000626b300000,0x000000626b400000) (1024K)]
  0x0000023d738142a0 JavaThread "Thread-3"                   daemon [_thread_in_native, id=15008, stack(0x000000626b400000,0x000000626b500000) (1024K)]
  0x0000023d73813c10 JavaThread "Thread-4"                   daemon [_thread_in_native, id=18796, stack(0x000000626b500000,0x000000626b600000) (1024K)]
  0x0000023d73811b40 JavaThread "Thread-5"                   daemon [_thread_in_native, id=3788, stack(0x000000626b600000,0x000000626b700000) (1024K)]
  0x0000023d738121d0 JavaThread "Thread-6"                   daemon [_thread_in_native, id=22640, stack(0x000000626b700000,0x000000626b800000) (1024K)]
  0x0000023d753c24b0 JavaThread "Thread-7"                   daemon [_thread_in_native, id=18108, stack(0x000000626b800000,0x000000626b900000) (1024K)]
  0x0000023d753c5930 JavaThread "Thread-8"                   daemon [_thread_in_native, id=21572, stack(0x000000626b900000,0x000000626ba00000) (1024K)]
  0x0000023d753c4580 JavaThread "Thread-9"                   daemon [_thread_in_native, id=25468, stack(0x000000626ba00000,0x000000626bb00000) (1024K)]
  0x0000023d753c31d0 JavaThread "pool-2-thread-1"                   [_thread_blocked, id=24020, stack(0x000000626bb00000,0x000000626bc00000) (1024K)]
  0x0000023d753c5fc0 JavaThread "WorkspaceEventsHandler"            [_thread_blocked, id=24168, stack(0x000000626bd00000,0x000000626be00000) (1024K)]
  0x0000023d753c4c10 JavaThread "pool-1-thread-1"                   [_thread_blocked, id=20564, stack(0x000000626be00000,0x000000626bf00000) (1024K)]
  0x0000023d753c9440 JavaThread "ForkJoinPool.commonPool-worker-1" daemon [_thread_blocked, id=13432, stack(0x000000626c300000,0x000000626c400000) (1024K)]
  0x0000023d753c8720 JavaThread "ForkJoinPool.commonPool-worker-5" daemon [_thread_blocked, id=4316, stack(0x000000626c000000,0x000000626c100000) (1024K)]
  0x0000023d753c9ad0 JavaThread "ForkJoinPool.commonPool-worker-6" daemon [_thread_blocked, id=2356, stack(0x000000626c600000,0x000000626c700000) (1024K)]
  0x0000023d72459870 JavaThread "Compiler Source File Reader" daemon [_thread_blocked, id=24236, stack(0x0000006268900000,0x0000006268a00000) (1024K)]
  0x0000023d724577a0 JavaThread "Cleaner-0"                  daemon [_thread_blocked, id=15164, stack(0x000000626a800000,0x000000626a900000) (1024K)]
  0x0000023d72458b50 JavaThread "Compiler Source File Reader" daemon [_thread_blocked, id=11652, stack(0x000000626a900000,0x000000626aa00000) (1024K)]
  0x0000023d753c3860 JavaThread "Compiler Source File Reader" daemon [_thread_blocked, id=10996, stack(0x0000006268800000,0x0000006268900000) (1024K)]
  0x0000023d753c8db0 JavaThread "Worker-8"                          [_thread_blocked, id=12744, stack(0x000000626ac00000,0x000000626ad00000) (1024K)]
  0x0000023d6bc13ad0 JavaThread "Compiler Source File Reader" daemon [_thread_blocked, id=14604, stack(0x000000626aa00000,0x000000626ab00000) (1024K)]
  0x0000023d6bc14160 JavaThread "Worker-9"                          [_thread_blocked, id=18364, stack(0x000000626ae00000,0x000000626af00000) (1024K)]
  0x0000023d724584c0 JavaThread "Compiler Source File Reader" daemon [_thread_blocked, id=13880, stack(0x0000006268700000,0x0000006268800000) (1024K)]
  0x0000023d753c3ef0 JavaThread "Compiler Source File Reader" daemon [_thread_blocked, id=8556, stack(0x000000626af00000,0x000000626b000000) (1024K)]
  0x0000023d7458ace0 JavaThread "ForkJoinPool.commonPool-worker-8" daemon [_thread_blocked, id=22136, stack(0x000000626b100000,0x000000626b200000) (1024K)]
  0x0000023d7458d440 JavaThread "Worker-10"                         [_thread_blocked, id=20676, stack(0x000000626a500000,0x000000626a600000) (1024K)]
  0x0000023d7458a650 JavaThread "Compiler Processing Task"   daemon [_thread_blocked, id=20448, stack(0x000000626a700000,0x000000626a800000) (1024K)]
  0x0000023d7458cdb0 JavaThread "ForkJoinPool.commonPool-worker-9" daemon [_thread_blocked, id=10924, stack(0x000000626b000000,0x000000626b100000) (1024K)]
Total: 48

Other Threads:
  0x0000023d5388a910 VMThread "VM Thread"                           [id=9056, stack(0x0000006268d00000,0x0000006268e00000) (1024K)] _threads_hazard_ptr=0x0000023d70293cb0
  0x0000023d6a16ca10 WatcherThread "VM Periodic Task Thread"        [id=23664, stack(0x0000006268c00000,0x0000006268d00000) (1024K)]
  0x0000023d538059b0 WorkerThread "GC Thread#0"                     [id=24288, stack(0x0000006268b00000,0x0000006268c00000) (1024K)]
  0x0000023d703e8130 WorkerThread "GC Thread#1"                     [id=23236, stack(0x0000006269a00000,0x0000006269b00000) (1024K)]
  0x0000023d700a3f10 WorkerThread "GC Thread#2"                     [id=18996, stack(0x0000006269b00000,0x0000006269c00000) (1024K)]
  0x0000023d700a42b0 WorkerThread "GC Thread#3"                     [id=7192, stack(0x0000006269c00000,0x0000006269d00000) (1024K)]
  0x0000023d70485cf0 WorkerThread "GC Thread#4"                     [id=4672, stack(0x0000006269d00000,0x0000006269e00000) (1024K)]
  0x0000023d70486090 WorkerThread "GC Thread#5"                     [id=1140, stack(0x0000006269e00000,0x0000006269f00000) (1024K)]
  0x0000023d70486430 WorkerThread "GC Thread#6"                     [id=20236, stack(0x0000006269f00000,0x000000626a000000) (1024K)]
  0x0000023d6bd636e0 WorkerThread "GC Thread#7"                     [id=340, stack(0x000000626a000000,0x000000626a100000) (1024K)]
Total: 10

Threads with active compile tasks:
Total: 0

VM state: synchronizing (normal execution)

VM Mutex/Monitor currently owned by a thread:  ([mutex/lock_event])
[0x00007ff82440d570] Threads_lock - owner thread: 0x0000023d5388a910
[0x00007ff82440d670] Heap_lock - owner thread: 0x0000023d7458ace0

Heap address: 0x0000000080000000, size: 2048 MB, Compressed Oops mode: 32-bit

CDS archive(s) mapped at: [0x0000023d00000000-0x0000023d00ba0000-0x0000023d00ba0000), size 12189696, SharedBaseAddress: 0x0000023d00000000, ArchiveRelocationMode: 1.
Compressed class space mapped at: 0x0000023d01000000-0x0000023d41000000, reserved size: 1073741824
Narrow klass base: 0x0000023d00000000, Narrow klass shift: 0, Narrow klass range: 0x100000000

GC Precious Log:
 CardTable entry size: 512
 CPUs: 8 total, 8 available
 Memory: 16168M
 Large Page Support: Disabled
 NUMA Support: Disabled
 Compressed Oops: Enabled (32-bit)
 Alignments: Space 512K, Generation 512K, Heap 2M
 Heap Min Capacity: 100M
 Heap Initial Capacity: 100M
 Heap Max Capacity: 2G
 Pre-touch: Disabled
 Parallel Workers: 8

Heap:
 PSYoungGen      total 8704K, used 8626K [0x00000000d5580000, 0x00000000d6280000, 0x0000000100000000)
  eden space 5120K, 100% used [0x00000000d5580000,0x00000000d5a80000,0x00000000d5a80000)
  from space 3584K, 97% used [0x00000000d5a80000,0x00000000d5dec860,0x00000000d5e00000)
  to   space 3584K, 0% used [0x00000000d5f00000,0x00000000d5f00000,0x00000000d6280000)
 ParOldGen       total 628736K, used 628302K [0x0000000080000000, 0x00000000a6600000, 0x00000000d5580000)
  object space 628736K, 99% used [0x0000000080000000,0x00000000a6593998,0x00000000a6600000)
 Metaspace       used 78835K, committed 80384K, reserved 1179648K
  class space    used 8038K, committed 8768K, reserved 1048576K

Card table byte_map: [0x0000023d53180000,0x0000023d53590000] _byte_map_base: 0x0000023d52d80000

Marking Bits: (ParMarkBitMap*) 0x00007ff824412460
 Begin Bits: [0x0000023d65c90000, 0x0000023d67c90000)
 End Bits:   [0x0000023d67c90000, 0x0000023d69c90000)

Polling page: 0x0000023d519c0000

Metaspace:

Usage:
  Non-class:     69.14 MB used.
      Class:      7.85 MB used.
       Both:     76.99 MB used.

Virtual space:
  Non-class space:      128.00 MB reserved,      69.94 MB ( 55%) committed,  2 nodes.
      Class space:        1.00 GB reserved,       8.56 MB ( <1%) committed,  1 nodes.
             Both:        1.12 GB reserved,      78.50 MB (  7%) committed. 

Chunk freelists:
   Non-Class:  9.26 MB
       Class:  7.43 MB
        Both:  16.70 MB

MaxMetaspaceSize: unlimited
CompressedClassSpaceSize: 1.00 GB
Initial GC threshold: 21.00 MB
Current GC threshold: 127.19 MB
CDS: on
 - commit_granule_bytes: 65536.
 - commit_granule_words: 8192.
 - virtual_space_node_default_size: 8388608.
 - enlarge_chunks_in_place: 1.
 - use_allocation_guard: 0.


Internal statistics:

num_allocs_failed_limit: 9.
num_arena_births: 1414.
num_arena_deaths: 34.
num_vsnodes_births: 3.
num_vsnodes_deaths: 0.
num_space_committed: 1256.
num_space_uncommitted: 0.
num_chunks_returned_to_freelist: 49.
num_chunks_taken_from_freelist: 5092.
num_chunk_merges: 18.
num_chunk_splits: 3063.
num_chunks_enlarged: 1704.
num_inconsistent_stats: 0.

CodeHeap 'non-profiled nmethods': size=120000Kb used=15662Kb max_used=15662Kb free=104337Kb
 bounds [0x0000023d5e4b0000, 0x0000023d5f400000, 0x0000023d659e0000]
CodeHeap 'profiled nmethods': size=120000Kb used=37888Kb max_used=37888Kb free=82111Kb
 bounds [0x0000023d569e0000, 0x0000023d58ef0000, 0x0000023d5df10000]
CodeHeap 'non-nmethods': size=5760Kb used=1507Kb max_used=1624Kb free=4252Kb
 bounds [0x0000023d5df10000, 0x0000023d5e180000, 0x0000023d5e4b0000]
CodeCache: size=245760Kb, used=55057Kb, max_used=55174Kb, free=190700Kb
 total_blobs=16211, nmethods=15381, adapters=734, full_count=0
Compilation: enabled, stopped_count=0, restarted_count=0

Compilation events (20 events):
Event: 751.813 Thread 0x0000023d6a26c410 16969       3       org.eclipse.jdt.internal.corext.codemanipulation.GetterSetterUtil::getSetterName (29 bytes)
Event: 751.813 Thread 0x0000023d6a26c410 nmethod 16969 0x0000023d58edbd10 code [0x0000023d58edbf00, 0x0000023d58edc208]
Event: 751.813 Thread 0x0000023d6a26c410 16970       3       org.eclipse.jdt.internal.core.manipulation.StubUtility::useIsForBooleanGetters (10 bytes)
Event: 751.813 Thread 0x0000023d6a26c410 nmethod 16970 0x0000023d58edc390 code [0x0000023d58edc560, 0x0000023d58edc730]
Event: 751.813 Thread 0x0000023d6a26c410 16971       3       org.eclipse.jdt.core.NamingConventions::suggestSetterName (19 bytes)
Event: 751.813 Thread 0x0000023d6a26b730 16973       4       java.util.LinkedHashMap::keysToArray (7 bytes)
Event: 751.814 Thread 0x0000023d6a26c410 nmethod 16971 0x0000023d58edc810 code [0x0000023d58edca20, 0x0000023d58edce78]
Event: 751.814 Thread 0x0000023d6a26c410 16972       3       org.eclipse.jdt.core.NamingConventions::suggestSetterName (119 bytes)
Event: 751.819 Thread 0x0000023d6a26c410 nmethod 16972 0x0000023d58edd090 code [0x0000023d58edd360, 0x0000023d58eddd38]
Event: 751.820 Thread 0x0000023d6a26c410 16974       3       org.eclipse.jdt.internal.formatter.linewrap.WrapExecutor$$Lambda/0x0000023d0183cdb0::<init> (15 bytes)
Event: 751.820 Thread 0x0000023d6a26c410 nmethod 16974 0x0000023d58ede110 code [0x0000023d58ede2c0, 0x0000023d58ede430]
Event: 751.820 Thread 0x0000023d6a26c410 16975       3       org.eclipse.jdt.internal.formatter.linewrap.WrapExecutor$$Lambda/0x0000023d0183cdb0::test (16 bytes)
Event: 751.820 Thread 0x0000023d6a26c410 nmethod 16975 0x0000023d58ede510 code [0x0000023d58ede6c0, 0x0000023d58ede920]
Event: 751.826 Thread 0x0000023d6a26b730 nmethod 16973 0x0000023d5f3fb090 code [0x0000023d5f3fb220, 0x0000023d5f3fb6c8]
Event: 751.827 Thread 0x0000023d6a26b730 16976       4       org.eclipse.jdt.core.dom.MethodDeclaration::internalStructuralPropertiesForType (5 bytes)
Event: 751.828 Thread 0x0000023d6a26b730 nmethod 16976 0x0000023d5f3fb810 code [0x0000023d5f3fb9a0, 0x0000023d5f3fba90]
Event: 751.838 Thread 0x0000023d6a26c410 16977       3       org.eclipse.jdt.internal.formatter.linewrap.WrapExecutor::isWrapInsideFormatRegion (56 bytes)
Event: 751.839 Thread 0x0000023d6a26c410 nmethod 16977 0x0000023d58edea10 code [0x0000023d58edeca0, 0x0000023d58edfa38]
Event: 753.442 Thread 0x0000023d6a26c410 16978       3       org.eclipse.lsp4j.jsonrpc.json.adapters.EnumTypeAdapter::read (6 bytes)
Event: 753.511 Thread 0x0000023d6a26c410 nmethod 16978 0x0000023d58edff90 code [0x0000023d58ee0140, 0x0000023d58ee0298]

GC Heap History (20 events):
Event: 751.239 GC heap before
{Heap before GC invocations=890 (full 4):
 PSYoungGen      total 5632K, used 3520K [0x00000000d5580000, 0x00000000d5c00000, 0x0000000100000000)
  eden space 3072K, 100% used [0x00000000d5580000,0x00000000d5880000,0x00000000d5880000)
  from space 2560K, 17% used [0x00000000d5880000,0x00000000d58f0000,0x00000000d5b00000)
  to   space 1024K, 0% used [0x00000000d5b00000,0x00000000d5b00000,0x00000000d5c00000)
 ParOldGen       total 615424K, used 615265K [0x0000000080000000, 0x00000000a5900000, 0x00000000d5580000)
  object space 615424K, 99% used [0x0000000080000000,0x00000000a58d8648,0x00000000a5900000)
 Metaspace       used 78806K, committed 80384K, reserved 1179648K
  class space    used 8038K, committed 8768K, reserved 1048576K
}
Event: 751.240 GC heap after
{Heap after GC invocations=890 (full 4):
 PSYoungGen      total 5120K, used 864K [0x00000000d5580000, 0x00000000d5c00000, 0x0000000100000000)
  eden space 4096K, 0% used [0x00000000d5580000,0x00000000d5580000,0x00000000d5980000)
  from space 1024K, 84% used [0x00000000d5b00000,0x00000000d5bd8000,0x00000000d5c00000)
  to   space 1024K, 0% used [0x00000000d5a00000,0x00000000d5a00000,0x00000000d5b00000)
 ParOldGen       total 615936K, used 615601K [0x0000000080000000, 0x00000000a5980000, 0x00000000d5580000)
  object space 615936K, 99% used [0x0000000080000000,0x00000000a592c648,0x00000000a5980000)
 Metaspace       used 78806K, committed 80384K, reserved 1179648K
  class space    used 8038K, committed 8768K, reserved 1048576K
}
Event: 751.261 GC heap before
{Heap before GC invocations=891 (full 4):
 PSYoungGen      total 5120K, used 4960K [0x00000000d5580000, 0x00000000d5c00000, 0x0000000100000000)
  eden space 4096K, 100% used [0x00000000d5580000,0x00000000d5980000,0x00000000d5980000)
  from space 1024K, 84% used [0x00000000d5b00000,0x00000000d5bd8000,0x00000000d5c00000)
  to   space 1024K, 0% used [0x00000000d5a00000,0x00000000d5a00000,0x00000000d5b00000)
 ParOldGen       total 615936K, used 615601K [0x0000000080000000, 0x00000000a5980000, 0x00000000d5580000)
  object space 615936K, 99% used [0x0000000080000000,0x00000000a592c648,0x00000000a5980000)
 Metaspace       used 78821K, committed 80384K, reserved 1179648K
  class space    used 8038K, committed 8768K, reserved 1048576K
}
Event: 751.263 GC heap after
{Heap after GC invocations=891 (full 4):
 PSYoungGen      total 5120K, used 1010K [0x00000000d5580000, 0x00000000d5f80000, 0x0000000100000000)
  eden space 4096K, 0% used [0x00000000d5580000,0x00000000d5580000,0x00000000d5980000)
  from space 1024K, 98% used [0x00000000d5a00000,0x00000000d5afc860,0x00000000d5b00000)
  to   space 3072K, 0% used [0x00000000d5c80000,0x00000000d5c80000,0x00000000d5f80000)
 ParOldGen       total 617472K, used 617209K [0x0000000080000000, 0x00000000a5b00000, 0x00000000d5580000)
  object space 617472K, 99% used [0x0000000080000000,0x00000000a5abe648,0x00000000a5b00000)
 Metaspace       used 78821K, committed 80384K, reserved 1179648K
  class space    used 8038K, committed 8768K, reserved 1048576K
}
Event: 751.276 GC heap before
{Heap before GC invocations=892 (full 4):
 PSYoungGen      total 5120K, used 5046K [0x00000000d5580000, 0x00000000d5f80000, 0x0000000100000000)
  eden space 4096K, 98% used [0x00000000d5580000,0x00000000d5971050,0x00000000d5980000)
  from space 1024K, 98% used [0x00000000d5a00000,0x00000000d5afc860,0x00000000d5b00000)
  to   space 3072K, 0% used [0x00000000d5c80000,0x00000000d5c80000,0x00000000d5f80000)
 ParOldGen       total 617472K, used 617209K [0x0000000080000000, 0x00000000a5b00000, 0x00000000d5580000)
  object space 617472K, 99% used [0x0000000080000000,0x00000000a5abe648,0x00000000a5b00000)
 Metaspace       used 78821K, committed 80384K, reserved 1179648K
  class space    used 8038K, committed 8768K, reserved 1048576K
}
Event: 751.278 GC heap after
{Heap after GC invocations=892 (full 4):
 PSYoungGen      total 5120K, used 544K [0x00000000d5580000, 0x00000000d5d80000, 0x0000000100000000)
  eden space 4096K, 0% used [0x00000000d5580000,0x00000000d5580000,0x00000000d5980000)
  from space 1024K, 53% used [0x00000000d5c80000,0x00000000d5d08000,0x00000000d5d80000)
  to   space 1536K, 0% used [0x00000000d5a80000,0x00000000d5a80000,0x00000000d5c00000)
 ParOldGen       total 617984K, used 617793K [0x0000000080000000, 0x00000000a5b80000, 0x00000000d5580000)
  object space 617984K, 99% used [0x0000000080000000,0x00000000a5b50648,0x00000000a5b80000)
 Metaspace       used 78821K, committed 80384K, reserved 1179648K
  class space    used 8038K, committed 8768K, reserved 1048576K
}
Event: 751.289 GC heap before
{Heap before GC invocations=893 (full 4):
 PSYoungGen      total 5120K, used 4640K [0x00000000d5580000, 0x00000000d5d80000, 0x0000000100000000)
  eden space 4096K, 100% used [0x00000000d5580000,0x00000000d5980000,0x00000000d5980000)
  from space 1024K, 53% used [0x00000000d5c80000,0x00000000d5d08000,0x00000000d5d80000)
  to   space 1536K, 0% used [0x00000000d5a80000,0x00000000d5a80000,0x00000000d5c00000)
 ParOldGen       total 617984K, used 617793K [0x0000000080000000, 0x00000000a5b80000, 0x00000000d5580000)
  object space 617984K, 99% used [0x0000000080000000,0x00000000a5b50648,0x00000000a5b80000)
 Metaspace       used 78821K, committed 80384K, reserved 1179648K
  class space    used 8038K, committed 8768K, reserved 1048576K
}
Event: 751.293 GC heap after
{Heap after GC invocations=893 (full 4):
 PSYoungGen      total 5632K, used 1522K [0x00000000d5580000, 0x00000000d6380000, 0x0000000100000000)
  eden space 4096K, 0% used [0x00000000d5580000,0x00000000d5580000,0x00000000d5980000)
  from space 1536K, 99% used [0x00000000d5a80000,0x00000000d5bfc860,0x00000000d5c00000)
  to   space 5120K, 0% used [0x00000000d5e80000,0x00000000d5e80000,0x00000000d6380000)
 ParOldGen       total 620544K, used 620539K [0x0000000080000000, 0x00000000a5e00000, 0x00000000d5580000)
  object space 620544K, 99% used [0x0000000080000000,0x00000000a5dfedf8,0x00000000a5e00000)
 Metaspace       used 78821K, committed 80384K, reserved 1179648K
  class space    used 8038K, committed 8768K, reserved 1048576K
}
Event: 751.311 GC heap before
{Heap before GC invocations=894 (full 4):
 PSYoungGen      total 5632K, used 5618K [0x00000000d5580000, 0x00000000d6380000, 0x0000000100000000)
  eden space 4096K, 100% used [0x00000000d5580000,0x00000000d5980000,0x00000000d5980000)
  from space 1536K, 99% used [0x00000000d5a80000,0x00000000d5bfc860,0x00000000d5c00000)
  to   space 5120K, 0% used [0x00000000d5e80000,0x00000000d5e80000,0x00000000d6380000)
 ParOldGen       total 620544K, used 620539K [0x0000000080000000, 0x00000000a5e00000, 0x00000000d5580000)
  object space 620544K, 99% used [0x0000000080000000,0x00000000a5dfedf8,0x00000000a5e00000)
 Metaspace       used 78821K, committed 80384K, reserved 1179648K
  class space    used 8038K, committed 8768K, reserved 1048576K
}
Event: 751.314 GC heap after
{Heap after GC invocations=894 (full 4):
 PSYoungGen      total 5632K, used 1408K [0x00000000d5580000, 0x00000000d6000000, 0x0000000100000000)
  eden space 4096K, 0% used [0x00000000d5580000,0x00000000d5580000,0x00000000d5980000)
  from space 1536K, 91% used [0x00000000d5e80000,0x00000000d5fe0000,0x00000000d6000000)
  to   space 2560K, 0% used [0x00000000d5b00000,0x00000000d5b00000,0x00000000d5d80000)
 ParOldGen       total 622592K, used 622117K [0x0000000080000000, 0x00000000a6000000, 0x00000000d5580000)
  object space 622592K, 99% used [0x0000000080000000,0x00000000a5f89658,0x00000000a6000000)
 Metaspace       used 78821K, committed 80384K, reserved 1179648K
  class space    used 8038K, committed 8768K, reserved 1048576K
}
Event: 751.329 GC heap before
{Heap before GC invocations=895 (full 4):
 PSYoungGen      total 5632K, used 5504K [0x00000000d5580000, 0x00000000d6000000, 0x0000000100000000)
  eden space 4096K, 100% used [0x00000000d5580000,0x00000000d5980000,0x00000000d5980000)
  from space 1536K, 91% used [0x00000000d5e80000,0x00000000d5fe0000,0x00000000d6000000)
  to   space 2560K, 0% used [0x00000000d5b00000,0x00000000d5b00000,0x00000000d5d80000)
 ParOldGen       total 622592K, used 622117K [0x0000000080000000, 0x00000000a6000000, 0x00000000d5580000)
  object space 622592K, 99% used [0x0000000080000000,0x00000000a5f89658,0x00000000a6000000)
 Metaspace       used 78828K, committed 80384K, reserved 1179648K
  class space    used 8038K, committed 8768K, reserved 1048576K
}
Event: 751.335 GC heap after
{Heap after GC invocations=895 (full 4):
 PSYoungGen      total 6656K, used 2546K [0x00000000d5580000, 0x00000000d6280000, 0x0000000100000000)
  eden space 4096K, 0% used [0x00000000d5580000,0x00000000d5580000,0x00000000d5980000)
  from space 2560K, 99% used [0x00000000d5b00000,0x00000000d5d7c860,0x00000000d5d80000)
  to   space 4608K, 0% used [0x00000000d5e00000,0x00000000d5e00000,0x00000000d6280000)
 ParOldGen       total 623616K, used 623517K [0x0000000080000000, 0x00000000a6100000, 0x00000000d5580000)
  object space 623616K, 99% used [0x0000000080000000,0x00000000a60e7658,0x00000000a6100000)
 Metaspace       used 78828K, committed 80384K, reserved 1179648K
  class space    used 8038K, committed 8768K, reserved 1048576K
}
Event: 751.814 GC heap before
{Heap before GC invocations=896 (full 4):
 PSYoungGen      total 6656K, used 6567K [0x00000000d5580000, 0x00000000d6280000, 0x0000000100000000)
  eden space 4096K, 98% used [0x00000000d5580000,0x00000000d596d448,0x00000000d5980000)
  from space 2560K, 99% used [0x00000000d5b00000,0x00000000d5d7c860,0x00000000d5d80000)
  to   space 4608K, 0% used [0x00000000d5e00000,0x00000000d5e00000,0x00000000d6280000)
 ParOldGen       total 623616K, used 623517K [0x0000000080000000, 0x00000000a6100000, 0x00000000d5580000)
  object space 623616K, 99% used [0x0000000080000000,0x00000000a60e7658,0x00000000a6100000)
 Metaspace       used 78832K, committed 80384K, reserved 1179648K
  class space    used 8038K, committed 8768K, reserved 1048576K
}
Event: 751.818 GC heap after
{Heap after GC invocations=896 (full 4):
 PSYoungGen      total 5120K, used 841K [0x00000000d5580000, 0x00000000d5f00000, 0x0000000100000000)
  eden space 4096K, 0% used [0x00000000d5580000,0x00000000d5580000,0x00000000d5980000)
  from space 1024K, 82% used [0x00000000d5e00000,0x00000000d5ed2430,0x00000000d5f00000)
  to   space 2048K, 0% used [0x00000000d5b00000,0x00000000d5b00000,0x00000000d5d00000)
 ParOldGen       total 624128K, used 624069K [0x0000000080000000, 0x00000000a6180000, 0x00000000d5580000)
  object space 624128K, 99% used [0x0000000080000000,0x00000000a6171658,0x00000000a6180000)
 Metaspace       used 78832K, committed 80384K, reserved 1179648K
  class space    used 8038K, committed 8768K, reserved 1048576K
}
Event: 751.829 GC heap before
{Heap before GC invocations=897 (full 4):
 PSYoungGen      total 5120K, used 4937K [0x00000000d5580000, 0x00000000d5f00000, 0x0000000100000000)
  eden space 4096K, 100% used [0x00000000d5580000,0x00000000d5980000,0x00000000d5980000)
  from space 1024K, 82% used [0x00000000d5e00000,0x00000000d5ed2430,0x00000000d5f00000)
  to   space 2048K, 0% used [0x00000000d5b00000,0x00000000d5b00000,0x00000000d5d00000)
 ParOldGen       total 624128K, used 624069K [0x0000000080000000, 0x00000000a6180000, 0x00000000d5580000)
  object space 624128K, 99% used [0x0000000080000000,0x00000000a6171658,0x00000000a6180000)
 Metaspace       used 78833K, committed 80384K, reserved 1179648K
  class space    used 8038K, committed 8768K, reserved 1048576K
}
Event: 751.834 GC heap after
{Heap after GC invocations=897 (full 4):
 PSYoungGen      total 6144K, used 2025K [0x00000000d5580000, 0x00000000d6280000, 0x0000000100000000)
  eden space 4096K, 0% used [0x00000000d5580000,0x00000000d5580000,0x00000000d5980000)
  from space 2048K, 98% used [0x00000000d5b00000,0x00000000d5cfa430,0x00000000d5d00000)
  to   space 4608K, 0% used [0x00000000d5e00000,0x00000000d5e00000,0x00000000d6280000)
 ParOldGen       total 626176K, used 625749K [0x0000000080000000, 0x00000000a6380000, 0x00000000d5580000)
  object space 626176K, 99% used [0x0000000080000000,0x00000000a6315568,0x00000000a6380000)
 Metaspace       used 78833K, committed 80384K, reserved 1179648K
  class space    used 8038K, committed 8768K, reserved 1048576K
}
Event: 751.845 GC heap before
{Heap before GC invocations=898 (full 4):
 PSYoungGen      total 6144K, used 6121K [0x00000000d5580000, 0x00000000d6280000, 0x0000000100000000)
  eden space 4096K, 100% used [0x00000000d5580000,0x00000000d5980000,0x00000000d5980000)
  from space 2048K, 98% used [0x00000000d5b00000,0x00000000d5cfa430,0x00000000d5d00000)
  to   space 4608K, 0% used [0x00000000d5e00000,0x00000000d5e00000,0x00000000d6280000)
 ParOldGen       total 626176K, used 625749K [0x0000000080000000, 0x00000000a6380000, 0x00000000d5580000)
  object space 626176K, 99% used [0x0000000080000000,0x00000000a6315568,0x00000000a6380000)
 Metaspace       used 78833K, committed 80384K, reserved 1179648K
  class space    used 8038K, committed 8768K, reserved 1048576K
}
Event: 751.850 GC heap after
{Heap after GC invocations=898 (full 4):
 PSYoungGen      total 8704K, used 3378K [0x00000000d5580000, 0x00000000d6180000, 0x0000000100000000)
  eden space 5120K, 0% used [0x00000000d5580000,0x00000000d5580000,0x00000000d5a80000)
  from space 3584K, 94% used [0x00000000d5e00000,0x00000000d614c860,0x00000000d6180000)
  to   space 3584K, 0% used [0x00000000d5a80000,0x00000000d5a80000,0x00000000d5e00000)
 ParOldGen       total 628224K, used 627758K [0x0000000080000000, 0x00000000a6580000, 0x00000000d5580000)
  object space 628224K, 99% used [0x0000000080000000,0x00000000a650b998,0x00000000a6580000)
 Metaspace       used 78833K, committed 80384K, reserved 1179648K
  class space    used 8038K, committed 8768K, reserved 1048576K
}
Event: 751.864 GC heap before
{Heap before GC invocations=899 (full 4):
 PSYoungGen      total 8704K, used 8498K [0x00000000d5580000, 0x00000000d6180000, 0x0000000100000000)
  eden space 5120K, 100% used [0x00000000d5580000,0x00000000d5a80000,0x00000000d5a80000)
  from space 3584K, 94% used [0x00000000d5e00000,0x00000000d614c860,0x00000000d6180000)
  to   space 3584K, 0% used [0x00000000d5a80000,0x00000000d5a80000,0x00000000d5e00000)
 ParOldGen       total 628224K, used 627758K [0x0000000080000000, 0x00000000a6580000, 0x00000000d5580000)
  object space 628224K, 99% used [0x0000000080000000,0x00000000a650b998,0x00000000a6580000)
 Metaspace       used 78833K, committed 80384K, reserved 1179648K
  class space    used 8038K, committed 8768K, reserved 1048576K
}
Event: 751.867 GC heap after
{Heap after GC invocations=899 (full 4):
 PSYoungGen      total 8704K, used 3506K [0x00000000d5580000, 0x00000000d6280000, 0x0000000100000000)
  eden space 5120K, 0% used [0x00000000d5580000,0x00000000d5580000,0x00000000d5a80000)
  from space 3584K, 97% used [0x00000000d5a80000,0x00000000d5dec860,0x00000000d5e00000)
  to   space 3584K, 0% used [0x00000000d5f00000,0x00000000d5f00000,0x00000000d6280000)
 ParOldGen       total 628736K, used 628302K [0x0000000080000000, 0x00000000a6600000, 0x00000000d5580000)
  object space 628736K, 99% used [0x0000000080000000,0x00000000a6593998,0x00000000a6600000)
 Metaspace       used 78833K, committed 80384K, reserved 1179648K
  class space    used 8038K, committed 8768K, reserved 1048576K
}

Dll operation events (14 events):
Event: 0.861 Loaded shared library c:\Users\usuario\.vscode\extensions\redhat.java-1.50.0-win32-x64\jre\21.0.9-win32-x86_64\bin\java.dll
Event: 1.013 Loaded shared library c:\Users\usuario\.vscode\extensions\redhat.java-1.50.0-win32-x64\jre\21.0.9-win32-x86_64\bin\zip.dll
Event: 1.049 Loaded shared library C:\Users\usuario\.vscode\extensions\redhat.java-1.50.0-win32-x64\jre\21.0.9-win32-x86_64\bin\instrument.dll
Event: 1.058 Loaded shared library C:\Users\usuario\.vscode\extensions\redhat.java-1.50.0-win32-x64\jre\21.0.9-win32-x86_64\bin\net.dll
Event: 1.062 Loaded shared library C:\Users\usuario\.vscode\extensions\redhat.java-1.50.0-win32-x64\jre\21.0.9-win32-x86_64\bin\nio.dll
Event: 1.066 Loaded shared library C:\Users\usuario\.vscode\extensions\redhat.java-1.50.0-win32-x64\jre\21.0.9-win32-x86_64\bin\zip.dll
Event: 1.098 Loaded shared library C:\Users\usuario\.vscode\extensions\redhat.java-1.50.0-win32-x64\jre\21.0.9-win32-x86_64\bin\jimage.dll
Event: 1.453 Loaded shared library c:\Users\usuario\.vscode\extensions\redhat.java-1.50.0-win32-x64\jre\21.0.9-win32-x86_64\bin\verify.dll
Event: 7.815 Loaded shared library C:\Users\usuario\AppData\Roaming\Code\User\globalStorage\redhat.java\1.50.0\config_win\org.eclipse.equinox.launcher\org.eclipse.equinox.launcher.win32.win32.x86_64_1.2.1400.v20250801-0854\eclipse_11916.dll
Event: 22.493 Loaded shared library C:\Users\usuario\.vscode\extensions\redhat.java-1.50.0-win32-x64\jre\21.0.9-win32-x86_64\bin\management.dll
Event: 22.498 Loaded shared library C:\Users\usuario\.vscode\extensions\redhat.java-1.50.0-win32-x64\jre\21.0.9-win32-x86_64\bin\management_ext.dll
Event: 26.490 Loaded shared library C:\Users\usuario\AppData\Local\Temp\jna--132844754\jna4790811166676381740.dll
Event: 26.891 Loaded shared library C:\Users\usuario\.vscode\extensions\redhat.java-1.50.0-win32-x64\jre\21.0.9-win32-x86_64\bin\sunmscapi.dll
Event: 28.471 Loaded shared library C:\Users\usuario\.vscode\extensions\redhat.java-1.50.0-win32-x64\jre\21.0.9-win32-x86_64\bin\extnet.dll

Deoptimization events (20 events):
Event: 702.533 Thread 0x0000023d753c9ad0 Uncommon trap: trap_request=0xffffff45 fr.pc=0x0000023d5f071cec relative=0x000000000000038c
Event: 702.533 Thread 0x0000023d753c9ad0 Uncommon trap: reason=unstable_if action=reinterpret pc=0x0000023d5f071cec method=org.eclipse.jdt.internal.compiler.parser.ScannerHelper.toLowerCase(C)C @ 4 c2
Event: 702.533 Thread 0x0000023d753c9ad0 DEOPT PACKING pc=0x0000023d5f071cec sp=0x000000626c6fda40
Event: 702.533 Thread 0x0000023d753c9ad0 DEOPT UNPACKING pc=0x0000023d5df63aa2 sp=0x000000626c6fd860 mode 2
Event: 702.533 Thread 0x0000023d753c9ad0 Uncommon trap: trap_request=0xffffff45 fr.pc=0x0000023d5eff8d94 relative=0x0000000000000434
Event: 702.533 Thread 0x0000023d753c9ad0 Uncommon trap: reason=unstable_if action=reinterpret pc=0x0000023d5eff8d94 method=org.eclipse.jdt.internal.compiler.parser.ScannerHelper.toLowerCase(C)C @ 4 c2
Event: 702.533 Thread 0x0000023d753c9ad0 DEOPT PACKING pc=0x0000023d5eff8d94 sp=0x000000626c6fd870
Event: 702.533 Thread 0x0000023d753c9ad0 DEOPT UNPACKING pc=0x0000023d5df63aa2 sp=0x000000626c6fd7a8 mode 2
Event: 707.548 Thread 0x0000023d753c9ad0 Uncommon trap: trap_request=0xffffff45 fr.pc=0x0000023d5eba500c relative=0x0000000000000aec
Event: 707.548 Thread 0x0000023d753c9ad0 Uncommon trap: reason=unstable_if action=reinterpret pc=0x0000023d5eba500c method=org.eclipse.jdt.internal.core.util.WeakHashSet.cleanupGarbageCollectedValues()V @ 68 c2
Event: 707.548 Thread 0x0000023d753c9ad0 DEOPT PACKING pc=0x0000023d5eba500c sp=0x000000626c6fe0c0
Event: 707.548 Thread 0x0000023d753c9ad0 DEOPT UNPACKING pc=0x0000023d5df63aa2 sp=0x000000626c6fdfc0 mode 2
Event: 707.801 Thread 0x0000023d753c8720 Uncommon trap: trap_request=0xffffff45 fr.pc=0x0000023d5e86b3fc relative=0x000000000000017c
Event: 707.801 Thread 0x0000023d753c8720 Uncommon trap: reason=unstable_if action=reinterpret pc=0x0000023d5e86b3fc method=org.eclipse.jdt.internal.core.util.WeakHashSet.cleanupGarbageCollectedValues()V @ 140 c2
Event: 707.801 Thread 0x0000023d753c8720 DEOPT PACKING pc=0x0000023d5e86b3fc sp=0x000000626c0fdd60
Event: 707.801 Thread 0x0000023d753c8720 DEOPT UNPACKING pc=0x0000023d5df63aa2 sp=0x000000626c0fdce0 mode 2
Event: 713.104 Thread 0x0000023d753c9ad0 DEOPT PACKING pc=0x0000023d5823a45b sp=0x000000626c6fd6a0
Event: 713.104 Thread 0x0000023d753c9ad0 DEOPT UNPACKING pc=0x0000023d5df64242 sp=0x000000626c6fcb18 mode 0
Event: 714.254 Thread 0x0000023d753c9ad0 DEOPT PACKING pc=0x0000023d57da5e96 sp=0x000000626c6fdf40
Event: 714.254 Thread 0x0000023d753c9ad0 DEOPT UNPACKING pc=0x0000023d5df64242 sp=0x000000626c6fd438 mode 0

Classes loaded (20 events):
Event: 53.907 Loading class java/util/stream/DistinctOps$1
Event: 53.907 Loading class java/util/stream/DistinctOps$1 done
Event: 53.912 Loading class java/util/stream/DistinctOps$1$2
Event: 53.912 Loading class java/util/stream/DistinctOps$1$2 done
Event: 77.125 Loading class jdk/internal/icu/text/NormalizerBase$NFCModeImpl
Event: 77.125 Loading class jdk/internal/icu/text/NormalizerBase$NFCModeImpl done
Event: 77.125 Loading class jdk/internal/icu/impl/Norm2AllModes$NFCSingleton
Event: 77.126 Loading class jdk/internal/icu/impl/Norm2AllModes$NFCSingleton done
Event: 77.128 Loading class java/nio/StringCharBuffer
Event: 77.128 Loading class java/nio/StringCharBuffer done
Event: 77.318 Loading class java/io/CharArrayReader
Event: 77.318 Loading class java/io/CharArrayReader done
Event: 77.318 Loading class java/util/regex/Pattern$Bound
Event: 77.319 Loading class java/util/regex/Pattern$Bound done
Event: 239.650 Loading class jdk/internal/ref/CleanerImpl$InnocuousThreadFactory
Event: 239.656 Loading class jdk/internal/ref/CleanerImpl$InnocuousThreadFactory done
Event: 422.523 Loading class java/util/Collections$EmptyListIterator
Event: 422.524 Loading class java/util/Collections$EmptyListIterator done
Event: 427.681 Loading class java/lang/StringLatin1$CharsSpliterator
Event: 427.682 Loading class java/lang/StringLatin1$CharsSpliterator done

Classes unloaded (17 events):
Event: 24.344 Thread 0x0000023d5388a910 Unloading class 0x0000023d011a4800 'java/lang/invoke/LambdaForm$MH+0x0000023d011a4800'
Event: 24.344 Thread 0x0000023d5388a910 Unloading class 0x0000023d011a4400 'java/lang/invoke/LambdaForm$MH+0x0000023d011a4400'
Event: 24.344 Thread 0x0000023d5388a910 Unloading class 0x0000023d011a4000 'java/lang/invoke/LambdaForm$MH+0x0000023d011a4000'
Event: 24.344 Thread 0x0000023d5388a910 Unloading class 0x0000023d011a3c00 'java/lang/invoke/LambdaForm$MH+0x0000023d011a3c00'
Event: 24.344 Thread 0x0000023d5388a910 Unloading class 0x0000023d011a3800 'java/lang/invoke/LambdaForm$BMH+0x0000023d011a3800'
Event: 24.344 Thread 0x0000023d5388a910 Unloading class 0x0000023d011a3400 'java/lang/invoke/LambdaForm$DMH+0x0000023d011a3400'
Event: 24.344 Thread 0x0000023d5388a910 Unloading class 0x0000023d011a2000 'java/lang/invoke/LambdaForm$DMH+0x0000023d011a2000'
Event: 27.268 Thread 0x0000023d5388a910 Unloading class 0x0000023d012e5c00 'java/lang/invoke/LambdaForm$MH+0x0000023d012e5c00'
Event: 27.268 Thread 0x0000023d5388a910 Unloading class 0x0000023d012e5400 'java/lang/invoke/LambdaForm$MH+0x0000023d012e5400'
Event: 27.268 Thread 0x0000023d5388a910 Unloading class 0x0000023d012e5000 'java/lang/invoke/LambdaForm$MH+0x0000023d012e5000'
Event: 27.268 Thread 0x0000023d5388a910 Unloading class 0x0000023d012e4400 'java/lang/invoke/LambdaForm$MH+0x0000023d012e4400'
Event: 27.268 Thread 0x0000023d5388a910 Unloading class 0x0000023d012e4000 'java/lang/invoke/LambdaForm$DMH+0x0000023d012e4000'
Event: 27.268 Thread 0x0000023d5388a910 Unloading class 0x0000023d012e3800 'java/lang/invoke/LambdaForm$MH+0x0000023d012e3800'
Event: 27.268 Thread 0x0000023d5388a910 Unloading class 0x0000023d012dbc00 'java/lang/invoke/LambdaForm$MH+0x0000023d012dbc00'
Event: 27.268 Thread 0x0000023d5388a910 Unloading class 0x0000023d012db400 'java/lang/invoke/LambdaForm$MH+0x0000023d012db400'
Event: 27.268 Thread 0x0000023d5388a910 Unloading class 0x0000023d012db000 'java/lang/invoke/LambdaForm$MH+0x0000023d012db000'
Event: 27.268 Thread 0x0000023d5388a910 Unloading class 0x0000023d012da800 'java/lang/invoke/LambdaForm$MH+0x0000023d012da800'

Classes redefined (0 events):
No events

Internal exceptions (20 events):
Event: 714.258 Thread 0x0000023d753c9ad0 Exception <a 'java/lang/ClassNotFoundException'{0x00000000d579ed58}: sun/net/www/protocol/jdt/Handler> (0x00000000d579ed58) 
thrown [s\src\hotspot\share\classfile\systemDictionary.cpp, line 312]
Event: 714.258 Thread 0x0000023d753c9ad0 Exception <a 'java/lang/ClassNotFoundException'{0x00000000d57a15b0}: sun/net/www/protocol/jdt/Handler> (0x00000000d57a15b0) 
thrown [s\src\hotspot\share\classfile\systemDictionary.cpp, line 312]
Event: 714.258 Thread 0x0000023d753c9ad0 Exception <a 'java/lang/ClassNotFoundException'{0x00000000d57a3e48}: sun/net/www/protocol/jdt/Handler> (0x00000000d57a3e48) 
thrown [s\src\hotspot\share\classfile\systemDictionary.cpp, line 312]
Event: 714.258 Thread 0x0000023d753c9ad0 Exception <a 'java/lang/ClassNotFoundException'{0x00000000d57a6708}: sun/net/www/protocol/jdt/Handler> (0x00000000d57a6708) 
thrown [s\src\hotspot\share\classfile\systemDictionary.cpp, line 312]
Event: 716.892 Thread 0x0000023d753c8720 Exception <a 'java/lang/ClassNotFoundException'{0x00000000d5787268}: sun/net/www/protocol/jdt/Handler> (0x00000000d5787268) 
thrown [s\src\hotspot\share\classfile\systemDictionary.cpp, line 312]
Event: 716.892 Thread 0x0000023d753c8720 Exception <a 'java/lang/ClassNotFoundException'{0x00000000d5789fb0}: sun/net/www/protocol/jdt/Handler> (0x00000000d5789fb0) 
thrown [s\src\hotspot\share\classfile\systemDictionary.cpp, line 312]
Event: 716.892 Thread 0x0000023d753c8720 Exception <a 'java/lang/ClassNotFoundException'{0x00000000d578efc0}: sun/net/www/protocol/jdt/Handler> (0x00000000d578efc0) 
thrown [s\src\hotspot\share\classfile\systemDictionary.cpp, line 312]
Event: 716.892 Thread 0x0000023d753c8720 Exception <a 'java/lang/ClassNotFoundException'{0x00000000d5793a20}: sun/net/www/protocol/jdt/Handler> (0x00000000d5793a20) 
thrown [s\src\hotspot\share\classfile\systemDictionary.cpp, line 312]
Event: 716.892 Thread 0x0000023d753c8720 Exception <a 'java/lang/ClassNotFoundException'{0x00000000d5796278}: sun/net/www/protocol/jdt/Handler> (0x00000000d5796278) 
thrown [s\src\hotspot\share\classfile\systemDictionary.cpp, line 312]
Event: 716.892 Thread 0x0000023d753c8720 Exception <a 'java/lang/ClassNotFoundException'{0x00000000d5798b10}: sun/net/www/protocol/jdt/Handler> (0x00000000d5798b10) 
thrown [s\src\hotspot\share\classfile\systemDictionary.cpp, line 312]
Event: 716.893 Thread 0x0000023d753c8720 Exception <a 'java/lang/ClassNotFoundException'{0x00000000d579b3d0}: sun/net/www/protocol/jdt/Handler> (0x00000000d579b3d0) 
thrown [s\src\hotspot\share\classfile\systemDictionary.cpp, line 312]
Event: 717.114 Thread 0x0000023d753c8720 Exception <a 'java/lang/ClassNotFoundException'{0x00000000d55a5690}: sun/net/www/protocol/jdt/Handler> (0x00000000d55a5690) 
thrown [s\src\hotspot\share\classfile\systemDictionary.cpp, line 312]
Event: 717.115 Thread 0x0000023d753c8720 Exception <a 'java/lang/ClassNotFoundException'{0x00000000d55a83d8}: sun/net/www/protocol/jdt/Handler> (0x00000000d55a83d8) 
thrown [s\src\hotspot\share\classfile\systemDictionary.cpp, line 312]
Event: 717.115 Thread 0x0000023d753c8720 Exception <a 'java/lang/ClassNotFoundException'{0x00000000d55ad3e8}: sun/net/www/protocol/jdt/Handler> (0x00000000d55ad3e8) 
thrown [s\src\hotspot\share\classfile\systemDictionary.cpp, line 312]
Event: 717.115 Thread 0x0000023d753c8720 Exception <a 'java/lang/ClassNotFoundException'{0x00000000d55b1bc0}: sun/net/www/protocol/jdt/Handler> (0x00000000d55b1bc0) 
thrown [s\src\hotspot\share\classfile\systemDictionary.cpp, line 312]
Event: 717.116 Thread 0x0000023d753c8720 Exception <a 'java/lang/ClassNotFoundException'{0x00000000d55b4418}: sun/net/www/protocol/jdt/Handler> (0x00000000d55b4418) 
thrown [s\src\hotspot\share\classfile\systemDictionary.cpp, line 312]
Event: 717.116 Thread 0x0000023d753c8720 Exception <a 'java/lang/ClassNotFoundException'{0x00000000d55b6cb0}: sun/net/www/protocol/jdt/Handler> (0x00000000d55b6cb0) 
thrown [s\src\hotspot\share\classfile\systemDictionary.cpp, line 312]
Event: 717.116 Thread 0x0000023d753c8720 Exception <a 'java/lang/ClassNotFoundException'{0x00000000d55b97b8}: sun/net/www/protocol/jdt/Handler> (0x00000000d55b97b8) 
thrown [s\src\hotspot\share\classfile\systemDictionary.cpp, line 312]
Event: 750.076 Thread 0x0000023d6bc147f0 Exception <a 'sun/nio/fs/WindowsException'{0x00000000d5622960}> (0x00000000d5622960) 
thrown [s\src\hotspot\share\prims\jni.cpp, line 520]
Event: 750.234 Thread 0x0000023d6bc147f0 Exception <a 'sun/nio/fs/WindowsException'{0x00000000d5701c28}> (0x00000000d5701c28) 
thrown [s\src\hotspot\share\prims\jni.cpp, line 520]

ZGC Phase Switch (0 events):
No events

VM Operations (20 events):
Event: 751.239 Executing VM operation: ParallelGCFailedAllocation (Allocation Failure)
Event: 751.240 Executing VM operation: ParallelGCFailedAllocation (Allocation Failure) done
Event: 751.260 Executing VM operation: ParallelGCFailedAllocation (Allocation Failure)
Event: 751.263 Executing VM operation: ParallelGCFailedAllocation (Allocation Failure) done
Event: 751.276 Executing VM operation: ParallelGCFailedAllocation (Allocation Failure)
Event: 751.278 Executing VM operation: ParallelGCFailedAllocation (Allocation Failure) done
Event: 751.289 Executing VM operation: ParallelGCFailedAllocation (Allocation Failure)
Event: 751.293 Executing VM operation: ParallelGCFailedAllocation (Allocation Failure) done
Event: 751.311 Executing VM operation: ParallelGCFailedAllocation (Allocation Failure)
Event: 751.314 Executing VM operation: ParallelGCFailedAllocation (Allocation Failure) done
Event: 751.329 Executing VM operation: ParallelGCFailedAllocation (Allocation Failure)
Event: 751.335 Executing VM operation: ParallelGCFailedAllocation (Allocation Failure) done
Event: 751.814 Executing VM operation: ParallelGCFailedAllocation (Allocation Failure)
Event: 751.818 Executing VM operation: ParallelGCFailedAllocation (Allocation Failure) done
Event: 751.829 Executing VM operation: ParallelGCFailedAllocation (Allocation Failure)
Event: 751.834 Executing VM operation: ParallelGCFailedAllocation (Allocation Failure) done
Event: 751.845 Executing VM operation: ParallelGCFailedAllocation (Allocation Failure)
Event: 751.850 Executing VM operation: ParallelGCFailedAllocation (Allocation Failure) done
Event: 751.864 Executing VM operation: ParallelGCFailedAllocation (Allocation Failure)
Event: 751.867 Executing VM operation: ParallelGCFailedAllocation (Allocation Failure) done

Memory protections (0 events):
No events

Nmethod flushes (20 events):
Event: 477.137 Thread 0x0000023d5388a910 flushing  nmethod 0x0000023d57857690
Event: 477.137 Thread 0x0000023d5388a910 flushing  nmethod 0x0000023d57858910
Event: 477.137 Thread 0x0000023d5388a910 flushing  nmethod 0x0000023d5785a190
Event: 477.137 Thread 0x0000023d5388a910 flushing  nmethod 0x0000023d5785d690
Event: 477.137 Thread 0x0000023d5388a910 flushing  nmethod 0x0000023d5785f990
Event: 477.137 Thread 0x0000023d5388a910 flushing  nmethod 0x0000023d57860810
Event: 477.137 Thread 0x0000023d5388a910 flushing  nmethod 0x0000023d57861b90
Event: 477.137 Thread 0x0000023d5388a910 flushing  nmethod 0x0000023d5786e690
Event: 477.137 Thread 0x0000023d5388a910 flushing  nmethod 0x0000023d5787de10
Event: 477.137 Thread 0x0000023d5388a910 flushing  nmethod 0x0000023d57880190
Event: 477.137 Thread 0x0000023d5388a910 flushing  nmethod 0x0000023d57897b10
Event: 477.137 Thread 0x0000023d5388a910 flushing  nmethod 0x0000023d5789b210
Event: 477.137 Thread 0x0000023d5388a910 flushing  nmethod 0x0000023d5789c190
Event: 477.137 Thread 0x0000023d5388a910 flushing  nmethod 0x0000023d5789eb90
Event: 477.137 Thread 0x0000023d5388a910 flushing  nmethod 0x0000023d578c2690
Event: 477.137 Thread 0x0000023d5388a910 flushing  nmethod 0x0000023d578cd190
Event: 477.137 Thread 0x0000023d5388a910 flushing  nmethod 0x0000023d578d4e10
Event: 477.137 Thread 0x0000023d5388a910 flushing  nmethod 0x0000023d578ea990
Event: 477.137 Thread 0x0000023d5388a910 flushing  nmethod 0x0000023d57911d10
Event: 477.137 Thread 0x0000023d5388a910 flushing  nmethod 0x0000023d5791ce90

Events (20 events):
Event: 563.836 Thread 0x0000023d6a26c410 Thread added: 0x0000023d72ab2290
Event: 564.049 Thread 0x0000023d72ab2290 Thread exited: 0x0000023d72ab2290
Event: 564.640 Thread 0x0000023d6a26c410 Thread added: 0x0000023d72ab44a0
Event: 564.869 Thread 0x0000023d72ab44a0 Thread exited: 0x0000023d72ab44a0
Event: 594.311 Thread 0x0000023d6a26c410 Thread added: 0x0000023d72ab14f0
Event: 594.657 Thread 0x0000023d72ab14f0 Thread exited: 0x0000023d72ab14f0
Event: 661.010 Thread 0x0000023d72459f00 Thread exited: 0x0000023d72459f00
Event: 661.025 Thread 0x0000023d72457110 Thread exited: 0x0000023d72457110
Event: 662.766 Thread 0x0000023d753c8090 Thread exited: 0x0000023d753c8090
Event: 673.580 Thread 0x0000023d6bc14160 Thread added: 0x0000023d7458d440
Event: 674.216 Thread 0x0000023d753c8db0 Thread added: 0x0000023d7458a650
Event: 708.666 Thread 0x0000023d753c8db0 Thread added: 0x0000023d7458c720
Event: 708.666 Thread 0x0000023d7458c720 Thread exited: 0x0000023d7458c720
Event: 708.668 Thread 0x0000023d753c8db0 Thread added: 0x0000023d7458b370
Event: 708.671 Thread 0x0000023d7458b370 Thread added: 0x0000023d7458c720
Event: 708.671 Thread 0x0000023d7458b370 Thread added: 0x0000023d7458ba00
Event: 708.673 Thread 0x0000023d7458ba00 Thread exited: 0x0000023d7458ba00
Event: 708.673 Thread 0x0000023d7458b370 Thread exited: 0x0000023d7458b370
Event: 708.673 Thread 0x0000023d7458c720 Thread exited: 0x0000023d7458c720
Event: 751.839 Thread 0x0000023d7458ace0 Thread added: 0x0000023d7458cdb0


Dynamic libraries:
0x00007ff76a030000 - 0x00007ff76a03e000 	c:\Users\usuario\.vscode\extensions\redhat.java-1.50.0-win32-x64\jre\21.0.9-win32-x86_64\bin\java.exe
0x00007ff8da700000 - 0x00007ff8da967000 	C:\WINDOWS\SYSTEM32\ntdll.dll
0x00007ff8b3960000 - 0x00007ff8b3980000 	C:\Program Files\Avast Software\Avast\aswhook.dll
0x00007ff8d92b0000 - 0x00007ff8d9379000 	C:\WINDOWS\System32\KERNEL32.DLL
0x00007ff8d7f10000 - 0x00007ff8d8301000 	C:\WINDOWS\System32\KERNELBASE.dll
0x00007ff8d7c40000 - 0x00007ff8d7d8b000 	C:\WINDOWS\System32\ucrtbase.dll
0x00007ff8c4450000 - 0x00007ff8c4468000 	c:\Users\usuario\.vscode\extensions\redhat.java-1.50.0-win32-x64\jre\21.0.9-win32-x86_64\bin\jli.dll
0x00007ff8d85e0000 - 0x00007ff8d87a5000 	C:\WINDOWS\System32\USER32.dll
0x00007ff8d83c0000 - 0x00007ff8d83e7000 	C:\WINDOWS\System32\win32u.dll
0x00007ff8d9ca0000 - 0x00007ff8d9ccb000 	C:\WINDOWS\System32\GDI32.dll
0x00007ff8c4430000 - 0x00007ff8c444e000 	c:\Users\usuario\.vscode\extensions\redhat.java-1.50.0-win32-x64\jre\21.0.9-win32-x86_64\bin\VCRUNTIME140.dll
0x00007ff8d7850000 - 0x00007ff8d797b000 	C:\WINDOWS\System32\gdi32full.dll
0x00007ff8d8310000 - 0x00007ff8d83b3000 	C:\WINDOWS\System32\msvcp_win.dll
0x00007ff8b0e20000 - 0x00007ff8b10b3000 	C:\WINDOWS\WinSxS\amd64_microsoft.windows.common-controls_6595b64144ccf1df_6.0.26100.7344_none_3e0a71fae332857b\COMCTL32.dll
0x00007ff8d8fb0000 - 0x00007ff8d9059000 	C:\WINDOWS\System32\msvcrt.dll
0x00007ff8d8530000 - 0x00007ff8d8561000 	C:\WINDOWS\System32\IMM32.DLL
0x00007ff8c4420000 - 0x00007ff8c442c000 	c:\Users\usuario\.vscode\extensions\redhat.java-1.50.0-win32-x64\jre\21.0.9-win32-x86_64\bin\vcruntime140_1.dll
0x00007ff8997e0000 - 0x00007ff89986d000 	c:\Users\usuario\.vscode\extensions\redhat.java-1.50.0-win32-x64\jre\21.0.9-win32-x86_64\bin\msvcp140.dll
0x00007ff823750000 - 0x00007ff8244f0000 	c:\Users\usuario\.vscode\extensions\redhat.java-1.50.0-win32-x64\jre\21.0.9-win32-x86_64\bin\server\jvm.dll
0x00007ff8d9be0000 - 0x00007ff8d9c94000 	C:\WINDOWS\System32\ADVAPI32.dll
0x00007ff8d9170000 - 0x00007ff8d9216000 	C:\WINDOWS\System32\sechost.dll
0x00007ff8d93a0000 - 0x00007ff8d94b8000 	C:\WINDOWS\System32\RPCRT4.dll
0x00007ff8d9a80000 - 0x00007ff8d9af4000 	C:\WINDOWS\System32\WS2_32.dll
0x00007ff8d76b0000 - 0x00007ff8d770e000 	C:\WINDOWS\SYSTEM32\POWRPROF.dll
0x00007ff8b1fb0000 - 0x00007ff8b1fe5000 	C:\WINDOWS\SYSTEM32\WINMM.dll
0x00007ff8c89d0000 - 0x00007ff8c89db000 	C:\WINDOWS\SYSTEM32\VERSION.dll
0x00007ff8d7690000 - 0x00007ff8d76a4000 	C:\WINDOWS\SYSTEM32\UMPDC.dll
0x00007ff8d65c0000 - 0x00007ff8d65db000 	C:\WINDOWS\SYSTEM32\kernel.appcore.dll
0x00007ff8b7af0000 - 0x00007ff8b7afa000 	c:\Users\usuario\.vscode\extensions\redhat.java-1.50.0-win32-x64\jre\21.0.9-win32-x86_64\bin\jimage.dll
0x00007ff8c7f70000 - 0x00007ff8c81b2000 	C:\WINDOWS\SYSTEM32\DBGHELP.DLL
0x00007ff8d96f0000 - 0x00007ff8d9a74000 	C:\WINDOWS\System32\combase.dll
0x00007ff8d9b00000 - 0x00007ff8d9bd7000 	C:\WINDOWS\System32\OLEAUT32.dll
0x00007ff8c7d10000 - 0x00007ff8c7d4b000 	C:\WINDOWS\SYSTEM32\dbgcore.DLL
0x00007ff8d83f0000 - 0x00007ff8d8495000 	C:\WINDOWS\System32\bcryptPrimitives.dll
0x00007ff8b7ae0000 - 0x00007ff8b7aef000 	c:\Users\usuario\.vscode\extensions\redhat.java-1.50.0-win32-x64\jre\21.0.9-win32-x86_64\bin\instrument.dll
0x00007ff8b25b0000 - 0x00007ff8b25d0000 	c:\Users\usuario\.vscode\extensions\redhat.java-1.50.0-win32-x64\jre\21.0.9-win32-x86_64\bin\java.dll
0x00007ff8d9ed0000 - 0x00007ff8da61f000 	C:\WINDOWS\System32\SHELL32.dll
0x00007ff8d7ad0000 - 0x00007ff8d7c3a000 	C:\WINDOWS\System32\wintypes.dll
0x00007ff8d5440000 - 0x00007ff8d5ca2000 	C:\WINDOWS\SYSTEM32\windows.storage.dll
0x00007ff8d94f0000 - 0x00007ff8d95e6000 	C:\WINDOWS\System32\SHCORE.dll
0x00007ff8d8570000 - 0x00007ff8d85d7000 	C:\WINDOWS\System32\shlwapi.dll
0x00007ff8d7770000 - 0x00007ff8d7798000 	C:\WINDOWS\SYSTEM32\profapi.dll
0x00007ff8af430000 - 0x00007ff8af448000 	c:\Users\usuario\.vscode\extensions\redhat.java-1.50.0-win32-x64\jre\21.0.9-win32-x86_64\bin\zip.dll
0x00007ff8b7ad0000 - 0x00007ff8b7ae0000 	C:\Users\usuario\.vscode\extensions\redhat.java-1.50.0-win32-x64\jre\21.0.9-win32-x86_64\bin\net.dll
0x00007ff8cf770000 - 0x00007ff8cf898000 	C:\WINDOWS\SYSTEM32\WINHTTP.dll
0x00007ff8d6b10000 - 0x00007ff8d6b7b000 	C:\WINDOWS\system32\mswsock.dll
0x00007ff8aa720000 - 0x00007ff8aa736000 	C:\Users\usuario\.vscode\extensions\redhat.java-1.50.0-win32-x64\jre\21.0.9-win32-x86_64\bin\nio.dll
0x00007ff8b3040000 - 0x00007ff8b3050000 	c:\Users\usuario\.vscode\extensions\redhat.java-1.50.0-win32-x64\jre\21.0.9-win32-x86_64\bin\verify.dll
0x00007ff899700000 - 0x00007ff899744000 	C:\Users\usuario\AppData\Roaming\Code\User\globalStorage\redhat.java\1.50.0\config_win\org.eclipse.equinox.launcher\org.eclipse.equinox.launcher.win32.win32.x86_64_1.2.1400.v20250801-0854\eclipse_11916.dll
0x00007ff8d8db0000 - 0x00007ff8d8f47000 	C:\WINDOWS\System32\ole32.dll
0x00007ff8af420000 - 0x00007ff8af42a000 	C:\Users\usuario\.vscode\extensions\redhat.java-1.50.0-win32-x64\jre\21.0.9-win32-x86_64\bin\management.dll
0x00007ff8af330000 - 0x00007ff8af33c000 	C:\Users\usuario\.vscode\extensions\redhat.java-1.50.0-win32-x64\jre\21.0.9-win32-x86_64\bin\management_ext.dll
0x00007ff8d92a0000 - 0x00007ff8d92a8000 	C:\WINDOWS\System32\PSAPI.DLL
0x00007ff8d6f00000 - 0x00007ff8d6f1b000 	C:\WINDOWS\SYSTEM32\CRYPTSP.dll
0x00007ff8d6520000 - 0x00007ff8d655a000 	C:\WINDOWS\system32\rsaenh.dll
0x00007ff8d6bc0000 - 0x00007ff8d6beb000 	C:\WINDOWS\SYSTEM32\USERENV.dll
0x00007ff8d7740000 - 0x00007ff8d776a000 	C:\WINDOWS\SYSTEM32\bcrypt.dll
0x00007ff8d6d60000 - 0x00007ff8d6d6c000 	C:\WINDOWS\SYSTEM32\CRYPTBASE.dll
0x00007ff8d5fc0000 - 0x00007ff8d5ff4000 	C:\WINDOWS\SYSTEM32\IPHLPAPI.DLL
0x00007ff8d9cd0000 - 0x00007ff8d9cda000 	C:\WINDOWS\System32\NSI.dll
0x00007ff895c50000 - 0x00007ff895c99000 	C:\Users\usuario\AppData\Local\Temp\jna--132844754\jna4790811166676381740.dll
0x00007ff8cf5c0000 - 0x00007ff8cf5de000 	C:\WINDOWS\SYSTEM32\dhcpcsvc6.DLL
0x00007ff8cf590000 - 0x00007ff8cf5b3000 	C:\WINDOWS\SYSTEM32\dhcpcsvc.DLL
0x00007ff8aa710000 - 0x00007ff8aa71e000 	C:\Users\usuario\.vscode\extensions\redhat.java-1.50.0-win32-x64\jre\21.0.9-win32-x86_64\bin\sunmscapi.dll
0x00007ff8d7d90000 - 0x00007ff8d7f07000 	C:\WINDOWS\System32\CRYPT32.dll
0x00007ff8d7050000 - 0x00007ff8d7080000 	C:\WINDOWS\SYSTEM32\ncrypt.dll
0x00007ff8d7000000 - 0x00007ff8d703f000 	C:\WINDOWS\SYSTEM32\NTASN1.dll
0x00007ff8d6050000 - 0x00007ff8d617c000 	C:\WINDOWS\SYSTEM32\DNSAPI.dll
0x00007ff8d04d0000 - 0x00007ff8d04db000 	C:\Windows\System32\rasadhlp.dll
0x00007ff8c90a0000 - 0x00007ff8c9126000 	C:\WINDOWS\System32\fwpuclnt.dll
0x00007ff8a4f10000 - 0x00007ff8a4f19000 	C:\Users\usuario\.vscode\extensions\redhat.java-1.50.0-win32-x64\jre\21.0.9-win32-x86_64\bin\extnet.dll

JVMTI agents:
c:\Users\usuario\.vscode\extensions\redhat.java-1.50.0-win32-x64\lombok\lombok-1.18.39-4050.jar path:c:\Users\usuario\.vscode\extensions\redhat.java-1.50.0-win32-x64\jre\21.0.9-win32-x86_64\bin\instrument.dll, loaded, initialized, instrumentlib options:none

dbghelp: loaded successfully - version: 4.0.5 - missing functions: none
symbol engine: initialized successfully - sym options: 0x614 - pdb path: .;c:\Users\usuario\.vscode\extensions\redhat.java-1.50.0-win32-x64\jre\21.0.9-win32-x86_64\bin;C:\WINDOWS\SYSTEM32;C:\Program Files\Avast Software\Avast;C:\WINDOWS\WinSxS\amd64_microsoft.windows.common-controls_6595b64144ccf1df_6.0.26100.7344_none_3e0a71fae332857b;c:\Users\usuario\.vscode\extensions\redhat.java-1.50.0-win32-x64\jre\21.0.9-win32-x86_64\bin\server;C:\Users\usuario\AppData\Roaming\Code\User\globalStorage\redhat.java\1.50.0\config_win\org.eclipse.equinox.launcher\org.eclipse.equinox.launcher.win32.win32.x86_64_1.2.1400.v20250801-0854;C:\Users\usuario\AppData\Local\Temp\jna--132844754

VM Arguments:
jvm_args: --add-modules=ALL-SYSTEM --add-opens=java.base/java.util=ALL-UNNAMED --add-opens=java.base/java.lang=ALL-UNNAMED --add-opens=java.base/sun.nio.fs=ALL-UNNAMED -Declipse.application=org.eclipse.jdt.ls.core.id1 -Dosgi.bundles.defaultStartLevel=4 -Declipse.product=org.eclipse.jdt.ls.core.product -Djava.import.generatesMetadataFilesAtProjectRoot=false -DDetectVMInstallationsJob.disabled=true -Dfile.encoding=utf8 -XX:+UseParallelGC -XX:GCTimeRatio=4 -XX:AdaptiveSizePolicyWeight=90 -Dsun.zip.disableMemoryMapping=true -Xmx2G -Xms100m -Xlog:disable -javaagent:c:\Users\usuario\.vscode\extensions\redhat.java-1.50.0-win32-x64\lombok\lombok-1.18.39-4050.jar -XX:+HeapDumpOnOutOfMemoryError -XX:HeapDumpPath=c:\Users\usuario\AppData\Roaming\Code\User\workspaceStorage\97ec7844c45ac794c49da2b2a27a64e2\redhat.java -Daether.dependencyCollector.impl=bf 
java_command: c:\Users\usuario\.vscode\extensions\redhat.java-1.50.0-win32-x64\server\plugins\org.eclipse.equinox.launcher_1.7.100.v20251111-0406.jar -configuration c:\Users\usuario\AppData\Roaming\Code\User\globalStorage\redhat.java\1.50.0\config_win -data c:\Users\usuario\AppData\Roaming\Code\User\workspaceStorage\97ec7844c45ac794c49da2b2a27a64e2\redhat.java\jdt_ws --pipe=\\.\pipe\lsp-b19377b9fcf9b8720506046def98f0a6-sock
java_class_path (initial): c:\Users\usuario\.vscode\extensions\redhat.java-1.50.0-win32-x64\server\plugins\org.eclipse.equinox.launcher_1.7.100.v20251111-0406.jar
Launcher Type: SUN_STANDARD

[Global flags]
    uintx AdaptiveSizePolicyWeight                 = 90                                        {product} {command line}
     intx CICompilerCount                          = 4                                         {product} {ergonomic}
    uintx GCTimeRatio                              = 4                                         {product} {command line}
     bool HeapDumpOnOutOfMemoryError               = true                                   {manageable} {command line}
    ccstr HeapDumpPath                             = c:\Users\usuario\AppData\Roaming\Code\User\workspaceStorage\97ec7844c45ac794c49da2b2a27a64e2\redhat.java         {manageable} {command line}
   size_t InitialHeapSize                          = 104857600                                 {product} {command line}
   size_t MaxHeapSize                              = 2147483648                                {product} {command line}
   size_t MaxNewSize                               = 715653120                                 {product} {ergonomic}
   size_t MinHeapDeltaBytes                        = 524288                                    {product} {ergonomic}
   size_t MinHeapSize                              = 104857600                                 {product} {command line}
   size_t NewSize                                  = 34603008                                  {product} {ergonomic}
    uintx NonNMethodCodeHeapSize                   = 5839372                                {pd product} {ergonomic}
    uintx NonProfiledCodeHeapSize                  = 122909434                              {pd product} {ergonomic}
   size_t OldSize                                  = 70254592                                  {product} {ergonomic}
    uintx ProfiledCodeHeapSize                     = 122909434                              {pd product} {ergonomic}
    uintx ReservedCodeCacheSize                    = 251658240                              {pd product} {ergonomic}
     bool SegmentedCodeCache                       = true                                      {product} {ergonomic}
   size_t SoftMaxHeapSize                          = 2147483648                             {manageable} {ergonomic}
     bool UseCompressedOops                        = true                           {product lp64_product} {ergonomic}
     bool UseLargePagesIndividualAllocation        = false                                  {pd product} {ergonomic}
     bool UseParallelGC                            = true                                      {product} {command line}

Logging:
Log output configuration:
 #0: stdout all=off uptime,level,tags foldmultilines=false
 #1: stderr all=off uptime,level,tags foldmultilines=false

Release file:
JAVA_VERSION="21.0.9" 
MODULES="java.base java.compiler java.datatransfer java.xml java.prefs java.desktop java.instrument java.logging java.management java.security.sasl java.naming java.rmi java.management.rmi java.net.http java.scripting java.security.jgss java.transaction.xa java.sql java.sql.rowset java.xml.crypto java.se java.smartcardio jdk.accessibility jdk.internal.jvmstat jdk.attach jdk.charsets jdk.internal.opt jdk.zipfs jdk.compiler jdk.crypto.ec jdk.crypto.cryptoki jdk.crypto.mscapi jdk.dynalink jdk.internal.ed jdk.editpad jdk.hotspot.agent jdk.httpserver jdk.internal.le jdk.internal.vm.ci jdk.internal.vm.compiler jdk.internal.vm.compiler.management jdk.jartool jdk.javadoc jdk.jcmd jdk.management jdk.management.agent jdk.jconsole jdk.jdeps jdk.jdwp.agent jdk.jdi jdk.jfr jdk.jshell jdk.jsobject jdk.jstatd jdk.localedata jdk.management.jfr jdk.naming.dns jdk.naming.rmi jdk.net jdk.nio.mapmode jdk.random jdk.sctp jdk.security.auth jdk.security.jgss jdk.unsupported jdk.unsupported.desktop jdk.xml.dom" 

Environment Variables:
PATH=C:\Program Files\Eclipse Adoptium\jdk-21.0.8.9-hotspot\bin;C:\Users\usuario\Downloads\MicrosoftWindows.Client.CBS_cw5n1h2txyewy!InputApp;C:\WINDOWS;C:\WINDOWS\System32\Wbem;C:\WINDOWS\System32\WindowsPowerShell\v1.0\;C:\WINDOWS\System32\OpenSSH\;C:\Program Files\nodejs\;C:\Program Files\dotnet\;C:\Users\usuario\Downloads\Git;C:\Git;Downloads;C:\Users\usuario\.console-ninja\.bin;C:\Users\usuario\AppData\Local\Programs\Eclipse Adoptium\jdk-21.0.6.7-hotspot\bin;C:\Users\usuario\AppData\Local\Programs\Python\Launcher\;C:\Users\usuario\AppData\Local\Microsoft\WindowsApps;C:\Users\usuario\AppData\Local\Programs\Microsoft VS Code\bin;C:\Users\usuario\AppData\Roaming\npm;C:\Program Files\JetBrains\PyCharm 2024.3.2\bin;C:\Panda3D-1.10.15-x64\python;C:\Panda3D-1.10.15-x64\python\Scripts;C:\Panda3D-1.10.15-x64\bin;C:\Users\usuario\OneDrive\Desktop\PyCharm 2025.1\bin;C:\ProgramData\usuario\GitHubDesktop\bin;C:\Users\usuario\AppData\Local\GitHubDesktop\bin;C:\Use;C:\Users\usuario\AppData\Local\Android\sdk\platform-tools;C:\src\flutter\bin;C:\Users\usuario\AppData\Local\Android\Sdk\cmdline-tools\cmdline-tools\bin;C:\Windows\System32;C:\Users\usuario\AppData\Local\Android\sdk\cmdline-tools\latest\bin;C:\Users\usuario\OneDrive\Desktop\flutter\bin;C:\tradutor_dog\flutter;C:\Users\usuario\AppData\Local\Programs\Python\Python313\;C:\Users\usuario\AppData\Local\Programs\Python\Python313\Scripts\;C:\Program Files\Git\cmd;C:\Program Files (x86)\Windows Kits\10\Windows Performance Toolkit\;%SystemRoot%\system32;%SystemRoot%;%SystemRoot%\System32\Wbem;%SYSTEMROOT%\System32\WindowsPowerShell\v1.0\;%SYSTEMROOT%\System32\OpenSSH\;C:\Users\usuario\AppData\Local\Programs\Python\Python313\Scripts\;C:\Users\usuario\AppData\Local\Programs\Python\Python313\;C:\Users\usuario\.console-ninja\.bin;C:\Users\usuario\AppData\Local\Microsoft\WindowsApps;C:\Users\usuario\AppData\Local\Programs\Microsoft VS Code\bin;C:\Users\usuario\AppData\Roaming\npm;C:\Program Files\JetBrains\PyCharm 2024.3.2\bin;C:\Panda3D-1.10.15-x64\python;C:\Panda3D-1.10.15-x64\python\Scripts;C:\Panda3D-1.10.15-x64\bin;C:\Users\usuario\OneDrive\Desktop\PyCharm 2025.1.1.1\bin;;C:\ProgramData\usuario\GitHubDesktop\bin;C:\Users\usuario\.dotnet\tools;C:\Program Files\Git\cmd;C:\src\flutter\bin;C:\Users\usuario\AppData\Local\Android\sdk\platform-tools;C:\Users\usuario\AppData\Local\Android\sdk\cmdline-tools\latest\bin;C:\Users\usuario\AppData\Local\Microsoft\WindowsApps;C:\Users\usuario\AppData\Local\Python\bin
USERNAME=usuario
OS=Windows_NT
PROCESSOR_IDENTIFIER=Intel64 Family 6 Model 142 Stepping 12, GenuineIntel
TMP=C:\Users\usuario\AppData\Local\Temp
TEMP=C:\Users\usuario\AppData\Local\Temp




Periodic native trim disabled

---------------  S Y S T E M  ---------------

OS:
 Windows 11 , 64 bit Build 26100 (10.0.26100.7523)
OS uptime: 0 days 1:25 hours
Hyper-V role detected

CPU: total 8 (initial active 8) (4 cores per cpu, 2 threads per core) family 6 model 142 stepping 12 microcode 0xde, cx8, cmov, fxsr, ht, mmx, 3dnowpref, sse, sse2, sse3, ssse3, sse4.1, sse4.2, popcnt, lzcnt, tsc, tscinvbit, avx, avx2, aes, erms, clmul, bmi1, bmi2, adx, fma, vzeroupper, clflush, clflushopt, hv, rdtscp, f16c
Processor Information for the first 8 processors :
  Max Mhz: 2112, Current Mhz: 1609, Mhz Limit: 1605

Memory: 4k page, system-wide physical 16168M (3125M free)
TotalPageFile size 16168M (AvailPageFile size 1M)
current process WorkingSet (physical memory assigned to process): 1051M, peak: 1179M
current process commit charge ("private bytes"): 967M, peak: 1718M

vm_info: OpenJDK 64-Bit Server VM (21.0.9+10-LTS) for windows-amd64 JRE (21.0.9+10-LTS), built on 2025-10-21T00:00:00Z by "admin" with unknown MS VC++:1942

END.
